<?xml version="1.0" encoding="UTF-8"?>
<coverage generated="1770838984133" clover="3.2.0">
  <project timestamp="1770838984133" name="All files">
    <metrics statements="548" coveredstatements="510" conditionals="343" coveredconditionals="289" methods="128" coveredmethods="120" elements="1019" coveredelements="919" complexity="0" loc="548" ncloc="548" packages="11" files="29" classes="29"/>
    <package name="__tests__.__mocks__">
      <metrics statements="4" coveredstatements="4" conditionals="0" coveredconditionals="0" methods="0" coveredmethods="0"/>
      <file name="data.js" path="/home/runner/work/genshin-farming-helper/genshin-farming-helper/src/__tests__/__mocks__/data.js">
        <metrics statements="2" coveredstatements="2" conditionals="0" coveredconditionals="0" methods="0" coveredmethods="0"/>
        <line num="3" count="7" type="stmt"/>
        <line num="741" count="7" type="stmt"/>
      </file>
      <file name="local-storage.js" path="/home/runner/work/genshin-farming-helper/genshin-farming-helper/src/__tests__/__mocks__/local-storage.js">
        <metrics statements="1" coveredstatements="1" conditionals="0" coveredconditionals="0" methods="0" coveredmethods="0"/>
        <line num="1" count="5" type="stmt"/>
      </file>
      <file name="presets.js" path="/home/runner/work/genshin-farming-helper/genshin-farming-helper/src/__tests__/__mocks__/presets.js">
        <metrics statements="1" coveredstatements="1" conditionals="0" coveredconditionals="0" methods="0" coveredmethods="0"/>
        <line num="1" count="4" type="stmt"/>
      </file>
    </package>
    <package name="components.atoms">
      <metrics statements="16" coveredstatements="13" conditionals="7" coveredconditionals="4" methods="3" coveredmethods="2"/>
      <file name="preset-card.jsx" path="/home/runner/work/genshin-farming-helper/genshin-farming-helper/src/components/atoms/preset-card.jsx">
        <metrics statements="16" coveredstatements="13" conditionals="7" coveredconditionals="4" methods="3" coveredmethods="2"/>
        <line num="7" count="4" type="stmt"/>
        <line num="27" count="44" type="stmt"/>
        <line num="28" count="44" type="cond" truecount="2" falsecount="0"/>
        <line num="29" count="44" type="stmt"/>
        <line num="31" count="44" type="stmt"/>
        <line num="32" count="44" type="stmt"/>
        <line num="33" count="0" type="cond" truecount="0" falsecount="2"/>
        <line num="34" count="0" type="stmt"/>
        <line num="37" count="0" type="stmt"/>
        <line num="40" count="44" type="stmt"/>
        <line num="41" count="13" type="stmt"/>
        <line num="42" count="13" type="stmt"/>
        <line num="44" count="13" type="cond" truecount="1" falsecount="1"/>
        <line num="45" count="13" type="stmt"/>
        <line num="49" count="44" type="stmt"/>
        <line num="69" count="4" type="stmt"/>
      </file>
    </package>
    <package name="components.molecules">
      <metrics statements="30" coveredstatements="30" conditionals="13" coveredconditionals="9" methods="8" coveredmethods="8"/>
      <file name="item-picker.jsx" path="/home/runner/work/genshin-farming-helper/genshin-farming-helper/src/components/molecules/item-picker.jsx">
        <metrics statements="17" coveredstatements="17" conditionals="10" coveredconditionals="6" methods="3" coveredmethods="3"/>
        <line num="11" count="6" type="stmt"/>
        <line num="31" count="6" type="stmt"/>
        <line num="38" count="429" type="stmt"/>
        <line num="39" count="429" type="stmt"/>
        <line num="40" count="1199" type="stmt"/>
        <line num="41" count="1199" type="stmt"/>
        <line num="42" count="1199" type="cond" truecount="5" falsecount="3"/>
        <line num="43" count="1199" type="stmt"/>
        <line num="47" count="1199" type="stmt"/>
        <line num="49" count="1199" type="stmt"/>
        <line num="50" count="1199" type="stmt"/>
        <line num="51" count="1" type="cond" truecount="1" falsecount="1"/>
        <line num="52" count="1" type="stmt"/>
        <line num="55" count="1" type="stmt"/>
        <line num="58" count="1199" type="stmt"/>
        <line num="60" count="1199" type="stmt"/>
        <line num="75" count="6" type="stmt"/>
      </file>
      <file name="preset-grid.jsx" path="/home/runner/work/genshin-farming-helper/genshin-farming-helper/src/components/molecules/preset-grid.jsx">
        <metrics statements="6" coveredstatements="6" conditionals="0" coveredconditionals="0" methods="2" coveredmethods="2"/>
        <line num="6" count="4" type="stmt"/>
        <line num="35" count="23" type="stmt"/>
        <line num="38" count="44" type="stmt"/>
        <line num="39" count="44" type="stmt"/>
        <line num="41" count="44" type="stmt"/>
        <line num="55" count="4" type="stmt"/>
      </file>
      <file name="tab-panel.jsx" path="/home/runner/work/genshin-farming-helper/genshin-farming-helper/src/components/molecules/tab-panel.jsx">
        <metrics statements="7" coveredstatements="7" conditionals="3" coveredconditionals="3" methods="3" coveredmethods="3"/>
        <line num="6" count="4" type="stmt"/>
        <line num="14" count="4" type="stmt"/>
        <line num="36" count="4" type="stmt"/>
        <line num="41" count="23" type="stmt"/>
        <line num="45" count="69" type="stmt"/>
        <line num="52" count="2" type="stmt"/>
        <line num="66" count="4" type="stmt"/>
      </file>
    </package>
    <package name="components.organisms">
      <metrics statements="109" coveredstatements="103" conditionals="88" coveredconditionals="75" methods="25" coveredmethods="24"/>
      <file name="farm-helper.jsx" path="/home/runner/work/genshin-farming-helper/genshin-farming-helper/src/components/organisms/farm-helper.jsx">
        <metrics statements="78" coveredstatements="74" conditionals="77" coveredconditionals="66" methods="18" coveredmethods="17"/>
        <line num="13" count="5" type="stmt"/>
        <line num="15" count="5" type="stmt"/>
        <line num="23" count="5" type="stmt"/>
        <line num="30" count="5" type="stmt"/>
        <line num="46" count="5" type="stmt"/>
        <line num="94" count="5" type="stmt"/>
        <line num="110" count="5" type="stmt"/>
        <line num="120" count="5" type="stmt"/>
        <line num="124" count="5" type="stmt"/>
        <line num="138" count="1000" type="stmt"/>
        <line num="140" count="1000" type="stmt"/>
        <line num="141" count="1000" type="stmt"/>
        <line num="143" count="0" type="cond" truecount="0" falsecount="2"/>
        <line num="144" count="0" type="stmt"/>
        <line num="147" count="0" type="stmt"/>
        <line num="150" count="1000" type="stmt"/>
        <line num="151" count="1000" type="cond" truecount="2" falsecount="0"/>
        <line num="153" count="1000" type="stmt"/>
        <line num="180" count="3038" type="cond" truecount="2" falsecount="0"/>
        <line num="191" count="4" type="stmt"/>
        <line num="202" count="5" type="stmt"/>
        <line num="231" count="371" type="stmt"/>
        <line num="243" count="371" type="stmt"/>
        <line num="244" count="9686" type="stmt"/>
        <line num="246" count="371" type="cond" truecount="4" falsecount="0"/>
        <line num="247" count="13608" type="cond" truecount="3" falsecount="1"/>
        <line num="250" count="371" type="stmt"/>
        <line num="251" count="371" type="cond" truecount="1" falsecount="1"/>
        <line num="252" count="371" type="cond" truecount="2" falsecount="0"/>
        <line num="253" count="371" type="cond" truecount="2" falsecount="0"/>
        <line num="254" count="371" type="stmt"/>
        <line num="257" count="371" type="cond" truecount="1" falsecount="1"/>
        <line num="258" count="371" type="cond" truecount="1" falsecount="1"/>
        <line num="259" count="371" type="cond" truecount="2" falsecount="0"/>
        <line num="260" count="371" type="stmt"/>
        <line num="261" count="371" type="stmt"/>
        <line num="262" count="316" type="cond" truecount="5" falsecount="0"/>
        <line num="264" count="36" type="stmt"/>
        <line num="266" count="36" type="stmt"/>
        <line num="271" count="371" type="cond" truecount="1" falsecount="1"/>
        <line num="272" count="371" type="cond" truecount="1" falsecount="1"/>
        <line num="273" count="371" type="cond" truecount="2" falsecount="0"/>
        <line num="274" count="371" type="stmt"/>
        <line num="275" count="371" type="stmt"/>
        <line num="276" count="129" type="cond" truecount="5" falsecount="0"/>
        <line num="278" count="8" type="stmt"/>
        <line num="280" count="8" type="stmt"/>
        <line num="285" count="371" type="cond" truecount="1" falsecount="1"/>
        <line num="286" count="371" type="cond" truecount="2" falsecount="0"/>
        <line num="287" count="371" type="stmt"/>
        <line num="288" count="371" type="stmt"/>
        <line num="289" count="371" type="stmt"/>
        <line num="290" count="89" type="cond" truecount="6" falsecount="0"/>
        <line num="292" count="7" type="stmt"/>
        <line num="294" count="7" type="stmt"/>
        <line num="298" count="371" type="stmt"/>
        <line num="299" count="371" type="stmt"/>
        <line num="300" count="371" type="stmt"/>
        <line num="301" count="371" type="stmt"/>
        <line num="302" count="371" type="stmt"/>
        <line num="303" count="371" type="stmt"/>
        <line num="305" count="1000" type="stmt"/>
        <line num="306" count="15" type="stmt"/>
        <line num="307" count="15" type="cond" truecount="2" falsecount="0"/>
        <line num="308" count="11" type="cond" truecount="1" falsecount="1"/>
        <line num="309" count="11" type="stmt"/>
        <line num="312" count="4" type="stmt"/>
        <line num="316" count="371" type="stmt"/>
        <line num="317" count="371" type="cond" truecount="2" falsecount="0"/>
        <line num="319" count="371" type="stmt"/>
        <line num="334" count="371" type="stmt"/>
        <line num="335" count="371" type="stmt"/>
        <line num="338" count="371" type="cond" truecount="1" falsecount="1"/>
        <line num="339" count="0" type="stmt"/>
        <line num="342" count="371" type="stmt"/>
        <line num="345" count="1000" type="stmt"/>
        <line num="363" count="3" type="stmt"/>
        <line num="371" count="5" type="stmt"/>
      </file>
      <file name="item-categories.jsx" path="/home/runner/work/genshin-farming-helper/genshin-farming-helper/src/components/organisms/item-categories.jsx">
        <metrics statements="3" coveredstatements="3" conditionals="0" coveredconditionals="0" methods="1" coveredmethods="1"/>
        <line num="9" count="5" type="stmt"/>
        <line num="64" count="47" type="stmt"/>
        <line num="123" count="5" type="stmt"/>
      </file>
      <file name="modal-dialog.jsx" path="/home/runner/work/genshin-farming-helper/genshin-farming-helper/src/components/organisms/modal-dialog.jsx">
        <metrics statements="17" coveredstatements="16" conditionals="7" coveredconditionals="6" methods="4" coveredmethods="4"/>
        <line num="8" count="4" type="stmt"/>
        <line num="22" count="4" type="stmt"/>
        <line num="34" count="4" type="stmt"/>
        <line num="49" count="4" type="stmt"/>
        <line num="67" count="4" type="stmt"/>
        <line num="74" count="47" type="stmt"/>
        <line num="75" count="19" type="cond" truecount="2" falsecount="0"/>
        <line num="76" count="19" type="stmt"/>
        <line num="79" count="19" type="stmt"/>
        <line num="80" count="19" type="stmt"/>
        <line num="84" count="47" type="cond" truecount="2" falsecount="0"/>
        <line num="85" count="24" type="stmt"/>
        <line num="88" count="23" type="stmt"/>
        <line num="89" count="2" type="cond" truecount="1" falsecount="1"/>
        <line num="90" count="0" type="stmt"/>
        <line num="94" count="23" type="stmt"/>
        <line num="116" count="4" type="stmt"/>
      </file>
      <file name="preset-modal.jsx" path="/home/runner/work/genshin-farming-helper/genshin-farming-helper/src/components/organisms/preset-modal.jsx">
        <metrics statements="11" coveredstatements="10" conditionals="4" coveredconditionals="3" methods="2" coveredmethods="2"/>
        <line num="9" count="4" type="stmt"/>
        <line num="16" count="47" type="stmt"/>
        <line num="18" count="47" type="stmt"/>
        <line num="19" count="47" type="cond" truecount="3" falsecount="1"/>
        <line num="21" count="42" type="stmt"/>
        <line num="25" count="2" type="stmt"/>
        <line num="29" count="3" type="stmt"/>
        <line num="33" count="0" type="stmt"/>
        <line num="38" count="47" type="stmt"/>
        <line num="40" count="47" type="stmt"/>
        <line num="58" count="4" type="stmt"/>
      </file>
    </package>
    <package name="components.pages">
      <metrics statements="258" coveredstatements="238" conditionals="148" coveredconditionals="126" methods="51" coveredmethods="50"/>
      <file name="main.jsx" path="/home/runner/work/genshin-farming-helper/genshin-farming-helper/src/components/pages/main.jsx">
        <metrics statements="258" coveredstatements="238" conditionals="148" coveredconditionals="126" methods="51" coveredmethods="50"/>
        <line num="17" count="4" type="stmt"/>
        <line num="98" count="4" type="stmt"/>
        <line num="112" count="4" type="stmt"/>
        <line num="117" count="4" type="stmt"/>
        <line num="123" count="4" type="stmt"/>
        <line num="127" count="4" type="stmt"/>
        <line num="131" count="4" type="stmt"/>
        <line num="141" count="4" type="stmt"/>
        <line num="171" count="4" type="stmt"/>
        <line num="172" count="4" type="stmt"/>
        <line num="176" count="11" type="stmt"/>
        <line num="177" count="11" type="stmt"/>
        <line num="178" count="11" type="cond" truecount="4" falsecount="0"/>
        <line num="180" count="9" type="stmt"/>
        <line num="188" count="10" type="stmt"/>
        <line num="189" count="10" type="stmt"/>
        <line num="193" count="46" type="stmt"/>
        <line num="194" count="46" type="stmt"/>
        <line num="195" count="46" type="stmt"/>
        <line num="196" count="46" type="stmt"/>
        <line num="197" count="46" type="stmt"/>
        <line num="198" count="46" type="stmt"/>
        <line num="200" count="46" type="stmt"/>
        <line num="201" count="2" type="stmt"/>
        <line num="202" count="2" type="cond" truecount="1" falsecount="1"/>
        <line num="203" count="2" type="stmt"/>
        <line num="204" count="2" type="stmt"/>
        <line num="205" count="10" type="stmt"/>
        <line num="209" count="46" type="stmt"/>
        <line num="211" count="54" type="cond" truecount="8" falsecount="0"/>
        <line num="212" count="54" type="stmt"/>
        <line num="214" count="54" type="stmt"/>
        <line num="248" count="46" type="stmt"/>
        <line num="249" count="20" type="stmt"/>
        <line num="251" count="20" type="stmt"/>
        <line num="252" count="20" type="cond" truecount="2" falsecount="0"/>
        <line num="255" count="20" type="cond" truecount="1" falsecount="1"/>
        <line num="256" count="0" type="stmt"/>
        <line num="260" count="20" type="cond" truecount="2" falsecount="0"/>
        <line num="275" count="20" type="stmt"/>
        <line num="276" count="20" type="stmt"/>
        <line num="278" count="20" type="stmt"/>
        <line num="279" count="20" type="stmt"/>
        <line num="285" count="46" type="stmt"/>
        <line num="286" count="2" type="stmt"/>
        <line num="287" count="2" type="stmt"/>
        <line num="288" count="2" type="stmt"/>
        <line num="289" count="2" type="stmt"/>
        <line num="293" count="206" type="stmt"/>
        <line num="306" count="2430" type="stmt"/>
        <line num="309" count="46" type="stmt"/>
        <line num="310" count="21" type="stmt"/>
        <line num="311" count="21" type="cond" truecount="1" falsecount="1"/>
        <line num="312" count="0" type="stmt"/>
        <line num="316" count="21" type="cond" truecount="1" falsecount="1"/>
        <line num="317" count="0" type="stmt"/>
        <line num="320" count="21" type="cond" truecount="2" falsecount="0"/>
        <line num="321" count="1" type="stmt"/>
        <line num="324" count="20" type="cond" truecount="1" falsecount="1"/>
        <line num="325" count="0" type="stmt"/>
        <line num="328" count="20" type="cond" truecount="2" falsecount="0"/>
        <line num="329" count="12" type="stmt"/>
        <line num="332" count="8" type="cond" truecount="2" falsecount="0"/>
        <line num="333" count="2" type="stmt"/>
        <line num="336" count="6" type="cond" truecount="2" falsecount="0"/>
        <line num="337" count="2" type="stmt"/>
        <line num="340" count="4" type="cond" truecount="1" falsecount="1"/>
        <line num="341" count="4" type="stmt"/>
        <line num="344" count="0" type="cond" truecount="0" falsecount="2"/>
        <line num="345" count="0" type="stmt"/>
        <line num="348" count="0" type="cond" truecount="0" falsecount="2"/>
        <line num="349" count="0" type="stmt"/>
        <line num="352" count="0" type="stmt"/>
        <line num="356" count="46" type="stmt"/>
        <line num="357" count="13" type="stmt"/>
        <line num="359" count="13" type="stmt"/>
        <line num="360" count="39" type="stmt"/>
        <line num="361" count="39" type="cond" truecount="1" falsecount="1"/>
        <line num="362" count="0" type="stmt"/>
        <line num="365" count="39" type="stmt"/>
        <line num="367" count="39" type="stmt"/>
        <line num="368" count="39" type="stmt"/>
        <line num="370" count="39" type="stmt"/>
        <line num="377" count="13" type="stmt"/>
        <line num="378" count="13" type="stmt"/>
        <line num="380" count="39" type="stmt"/>
        <line num="381" count="19" type="stmt"/>
        <line num="383" count="19" type="cond" truecount="2" falsecount="0"/>
        <line num="385" count="18" type="stmt"/>
        <line num="387" count="12" type="stmt"/>
        <line num="388" count="12" type="stmt"/>
        <line num="389" count="12" type="stmt"/>
        <line num="391" count="12" type="cond" truecount="1" falsecount="1"/>
        <line num="392" count="0" type="stmt"/>
        <line num="395" count="12" type="stmt"/>
        <line num="398" count="30" type="stmt"/>
        <line num="405" count="7" type="stmt"/>
        <line num="406" count="9" type="stmt"/>
        <line num="407" count="9" type="cond" truecount="1" falsecount="1"/>
        <line num="408" count="0" type="stmt"/>
        <line num="411" count="9" type="stmt"/>
        <line num="423" count="13" type="stmt"/>
        <line num="427" count="46" type="stmt"/>
        <line num="428" count="3" type="stmt"/>
        <line num="429" count="3" type="stmt"/>
        <line num="430" count="12" type="stmt"/>
        <line num="437" count="3" type="stmt"/>
        <line num="441" count="46" type="stmt"/>
        <line num="442" count="13" type="cond" truecount="2" falsecount="0"/>
        <line num="443" count="12" type="stmt"/>
        <line num="446" count="3" type="cond" truecount="2" falsecount="0"/>
        <line num="447" count="1" type="stmt"/>
        <line num="450" count="3" type="stmt"/>
        <line num="454" count="46" type="stmt"/>
        <line num="455" count="21" type="stmt"/>
        <line num="458" count="21" type="cond" truecount="2" falsecount="0"/>
        <line num="459" count="2" type="stmt"/>
        <line num="464" count="19" type="stmt"/>
        <line num="465" count="19" type="cond" truecount="1" falsecount="1"/>
        <line num="466" count="0" type="stmt"/>
        <line num="469" count="19" type="stmt"/>
        <line num="470" count="19" type="stmt"/>
        <line num="471" count="1064" type="stmt"/>
        <line num="474" count="87" type="stmt"/>
        <line num="479" count="86" type="stmt"/>
        <line num="480" count="19" type="stmt"/>
        <line num="481" count="19" type="stmt"/>
        <line num="482" count="54" type="cond" truecount="2" falsecount="0"/>
        <line num="483" count="7" type="stmt"/>
        <line num="484" count="7" type="stmt"/>
        <line num="489" count="19" type="cond" truecount="4" falsecount="0"/>
        <line num="490" count="8" type="stmt"/>
        <line num="494" count="11" type="stmt"/>
        <line num="495" count="42" type="stmt"/>
        <line num="496" count="42" type="cond" truecount="4" falsecount="0"/>
        <line num="497" count="1" type="stmt"/>
        <line num="501" count="10" type="stmt"/>
        <line num="504" count="46" type="stmt"/>
        <line num="505" count="13" type="stmt"/>
        <line num="506" count="13" type="stmt"/>
        <line num="507" count="13" type="stmt"/>
        <line num="509" count="13" type="stmt"/>
        <line num="510" count="13" type="cond" truecount="1" falsecount="1"/>
        <line num="511" count="0" type="stmt"/>
        <line num="514" count="13" type="stmt"/>
        <line num="515" count="13" type="cond" truecount="2" falsecount="0"/>
        <line num="518" count="13" type="stmt"/>
        <line num="523" count="13" type="cond" truecount="2" falsecount="0"/>
        <line num="525" count="1" type="stmt"/>
        <line num="526" count="1" type="stmt"/>
        <line num="527" count="1" type="stmt"/>
        <line num="530" count="12" type="stmt"/>
        <line num="531" count="12" type="stmt"/>
        <line num="535" count="13" type="stmt"/>
        <line num="536" count="13" type="stmt"/>
        <line num="539" count="13" type="cond" truecount="2" falsecount="0"/>
        <line num="541" count="12" type="stmt"/>
        <line num="544" count="12" type="stmt"/>
        <line num="545" count="20" type="stmt"/>
        <line num="546" count="20" type="stmt"/>
        <line num="549" count="20" type="stmt"/>
        <line num="550" count="20" type="cond" truecount="2" falsecount="0"/>
        <line num="551" count="20" type="stmt"/>
        <line num="553" count="20" type="cond" truecount="2" falsecount="0"/>
        <line num="555" count="2" type="stmt"/>
        <line num="556" count="2" type="stmt"/>
        <line num="558" count="2" type="stmt"/>
        <line num="559" count="3" type="cond" truecount="2" falsecount="0"/>
        <line num="560" count="3" type="stmt"/>
        <line num="561" count="3" type="stmt"/>
        <line num="565" count="2" type="stmt"/>
        <line num="566" count="2" type="stmt"/>
        <line num="569" count="2" type="stmt"/>
        <line num="570" count="2" type="stmt"/>
        <line num="573" count="18" type="stmt"/>
        <line num="576" count="28" type="cond" truecount="2" falsecount="0"/>
        <line num="578" count="34" type="cond" truecount="1" falsecount="1"/>
        <line num="581" count="26" type="cond" truecount="2" falsecount="0"/>
        <line num="584" count="24" type="cond" truecount="2" falsecount="0"/>
        <line num="588" count="18" type="stmt"/>
        <line num="593" count="1" type="stmt"/>
        <line num="595" count="1" type="stmt"/>
        <line num="596" count="1" type="stmt"/>
        <line num="597" count="1" type="cond" truecount="1" falsecount="1"/>
        <line num="598" count="1" type="stmt"/>
        <line num="600" count="1" type="cond" truecount="1" falsecount="1"/>
        <line num="601" count="1" type="stmt"/>
        <line num="602" count="1" type="stmt"/>
        <line num="604" count="1" type="stmt"/>
        <line num="605" count="2" type="cond" truecount="1" falsecount="1"/>
        <line num="606" count="2" type="stmt"/>
        <line num="607" count="2" type="cond" truecount="1" falsecount="1"/>
        <line num="611" count="1" type="cond" truecount="4" falsecount="0"/>
        <line num="613" count="1" type="cond" truecount="4" falsecount="0"/>
        <line num="616" count="1" type="cond" truecount="3" falsecount="1"/>
        <line num="618" count="1" type="stmt"/>
        <line num="619" count="1" type="stmt"/>
        <line num="620" count="1" type="stmt"/>
        <line num="621" count="1" type="stmt"/>
        <line num="624" count="0" type="stmt"/>
        <line num="625" count="0" type="stmt"/>
        <line num="628" count="0" type="stmt"/>
        <line num="629" count="0" type="stmt"/>
        <line num="636" count="46" type="stmt"/>
        <line num="637" count="11" type="cond" truecount="2" falsecount="0"/>
        <line num="638" count="4" type="stmt"/>
        <line num="639" count="4" type="stmt"/>
        <line num="640" count="4" type="stmt"/>
        <line num="641" count="4" type="cond" truecount="2" falsecount="0"/>
        <line num="643" count="4" type="cond" truecount="4" falsecount="0"/>
        <line num="645" count="1" type="stmt"/>
        <line num="646" count="1" type="stmt"/>
        <line num="649" count="3" type="stmt"/>
        <line num="653" count="4" type="stmt"/>
        <line num="657" count="46" type="stmt"/>
        <line num="658" count="11" type="stmt"/>
        <line num="659" count="2" type="stmt"/>
        <line num="660" count="2" type="stmt"/>
        <line num="661" count="2" type="stmt"/>
        <line num="665" count="11" type="stmt"/>
        <line num="667" count="11" type="stmt"/>
        <line num="669" count="11" type="stmt"/>
        <line num="673" count="46" type="stmt"/>
        <line num="675" count="46" type="stmt"/>
        <line num="676" count="2" type="cond" truecount="2" falsecount="0"/>
        <line num="677" count="1" type="stmt"/>
        <line num="678" count="1" type="stmt"/>
        <line num="680" count="1" type="stmt"/>
        <line num="681" count="1" type="stmt"/>
        <line num="685" count="46" type="stmt"/>
        <line num="686" count="2" type="stmt"/>
        <line num="689" count="46" type="stmt"/>
        <line num="691" count="46" type="stmt"/>
        <line num="692" count="2" type="stmt"/>
        <line num="695" count="46" type="stmt"/>
        <line num="696" count="54" type="stmt"/>
        <line num="697" count="54" type="stmt"/>
        <line num="699" count="54" type="cond" truecount="1" falsecount="1"/>
        <line num="700" count="0" type="stmt"/>
        <line num="704" count="54" type="stmt"/>
        <line num="705" count="54" type="stmt"/>
        <line num="706" count="3024" type="stmt"/>
        <line num="709" count="224" type="stmt"/>
        <line num="710" count="228" type="stmt"/>
        <line num="711" count="54" type="stmt"/>
        <line num="712" count="54" type="stmt"/>
        <line num="713" count="140" type="cond" truecount="2" falsecount="0"/>
        <line num="714" count="18" type="stmt"/>
        <line num="715" count="18" type="stmt"/>
        <line num="720" count="54" type="cond" truecount="4" falsecount="0"/>
        <line num="721" count="119" type="stmt"/>
        <line num="725" count="19" type="stmt"/>
        <line num="730" count="46" type="stmt"/>
        <line num="738" count="46" type="stmt"/>
        <line num="749" count="46" type="stmt"/>
        <line num="777" count="120" type="cond" truecount="2" falsecount="0"/>
        <line num="786" count="8" type="stmt"/>
        <line num="793" count="0" type="stmt"/>
      </file>
    </package>
    <package name="constants">
      <metrics statements="4" coveredstatements="4" conditionals="0" coveredconditionals="0" methods="0" coveredmethods="0"/>
      <file name="index.js" path="/home/runner/work/genshin-farming-helper/genshin-farming-helper/src/constants/index.js">
        <metrics statements="4" coveredstatements="4" conditionals="0" coveredconditionals="0" methods="0" coveredmethods="0"/>
        <line num="7" count="7" type="stmt"/>
        <line num="9" count="7" type="stmt"/>
        <line num="21" count="7" type="stmt"/>
        <line num="22" count="7" type="stmt"/>
      </file>
    </package>
    <package name="images.bg">
      <metrics statements="0" coveredstatements="0" conditionals="0" coveredconditionals="0" methods="0" coveredmethods="0"/>
      <file name="background_Item_1_Star.png" path="/home/runner/work/genshin-farming-helper/genshin-farming-helper/src/images/bg/background_Item_1_Star.png">
        <metrics statements="0" coveredstatements="0" conditionals="0" coveredconditionals="0" methods="0" coveredmethods="0"/>
      </file>
      <file name="background_Item_2_Star.png" path="/home/runner/work/genshin-farming-helper/genshin-farming-helper/src/images/bg/background_Item_2_Star.png">
        <metrics statements="0" coveredstatements="0" conditionals="0" coveredconditionals="0" methods="0" coveredmethods="0"/>
      </file>
      <file name="background_Item_3_Star.png" path="/home/runner/work/genshin-farming-helper/genshin-farming-helper/src/images/bg/background_Item_3_Star.png">
        <metrics statements="0" coveredstatements="0" conditionals="0" coveredconditionals="0" methods="0" coveredmethods="0"/>
      </file>
      <file name="background_Item_4_Star.png" path="/home/runner/work/genshin-farming-helper/genshin-farming-helper/src/images/bg/background_Item_4_Star.png">
        <metrics statements="0" coveredstatements="0" conditionals="0" coveredconditionals="0" methods="0" coveredmethods="0"/>
      </file>
      <file name="background_Item_5_Star.png" path="/home/runner/work/genshin-farming-helper/genshin-farming-helper/src/images/bg/background_Item_5_Star.png">
        <metrics statements="0" coveredstatements="0" conditionals="0" coveredconditionals="0" methods="0" coveredmethods="0"/>
      </file>
    </package>
    <package name="scripts">
      <metrics statements="72" coveredstatements="63" conditionals="46" coveredconditionals="36" methods="24" coveredmethods="21"/>
      <file name="fishing-rods-data.js" path="/home/runner/work/genshin-farming-helper/genshin-farming-helper/src/scripts/fishing-rods-data.js">
        <metrics statements="1" coveredstatements="1" conditionals="0" coveredconditionals="0" methods="0" coveredmethods="0"/>
        <line num="5" count="1" type="stmt"/>
      </file>
      <file name="generate-data.js" path="/home/runner/work/genshin-farming-helper/genshin-farming-helper/src/scripts/generate-data.js">
        <metrics statements="71" coveredstatements="62" conditionals="46" coveredconditionals="36" methods="24" coveredmethods="21"/>
        <line num="6" count="833" type="cond" truecount="6" falsecount="0"/>
        <line num="13" count="1" type="stmt"/>
        <line num="14" count="6661" type="cond" truecount="2" falsecount="0"/>
        <line num="16" count="802" type="stmt"/>
        <line num="17" count="802" type="cond" truecount="2" falsecount="0"/>
        <line num="18" count="802" type="stmt"/>
        <line num="19" count="802" type="stmt"/>
        <line num="20" count="802" type="stmt"/>
        <line num="21" count="802" type="cond" truecount="2" falsecount="0"/>
        <line num="22" count="802" type="stmt"/>
        <line num="23" count="802" type="stmt"/>
        <line num="24" count="802" type="cond" truecount="2" falsecount="0"/>
        <line num="26" count="1" type="stmt"/>
        <line num="38" count="1" type="stmt"/>
        <line num="40" count="0" type="cond" truecount="0" falsecount="2"/>
        <line num="41" count="0" type="stmt"/>
        <line num="45" count="63" type="stmt"/>
        <line num="46" count="84" type="stmt"/>
        <line num="47" count="32" type="stmt"/>
        <line num="48" count="1" type="stmt"/>
        <line num="49" count="138" type="stmt"/>
        <line num="50" count="138" type="stmt"/>
        <line num="51" count="3651" type="cond" truecount="6" falsecount="0"/>
        <line num="54" count="1" type="stmt"/>
        <line num="66" count="1" type="stmt"/>
        <line num="68" count="0" type="cond" truecount="0" falsecount="2"/>
        <line num="69" count="0" type="stmt"/>
        <line num="74" count="1" type="stmt"/>
        <line num="75" count="346" type="stmt"/>
        <line num="77" count="346" type="stmt"/>
        <line num="78" count="2056" type="stmt"/>
        <line num="80" count="8684" type="cond" truecount="2" falsecount="0"/>
        <line num="81" count="2056" type="stmt"/>
        <line num="84" count="6628" type="cond" truecount="2" falsecount="0"/>
        <line num="85" count="3362" type="stmt"/>
        <line num="87" count="3266" type="stmt"/>
        <line num="96" count="346" type="stmt"/>
        <line num="99" count="1" type="stmt"/>
        <line num="100" count="1" type="stmt"/>
        <line num="107" count="1" type="stmt"/>
        <line num="108" count="1" type="stmt"/>
        <line num="109" count="114" type="cond" truecount="1" falsecount="1"/>
        <line num="110" count="0" type="stmt"/>
        <line num="113" count="114" type="stmt"/>
        <line num="115" count="114" type="cond" truecount="2" falsecount="0"/>
        <line num="116" count="112" type="stmt"/>
        <line num="128" count="1" type="stmt"/>
        <line num="129" count="1" type="stmt"/>
        <line num="130" count="232" type="cond" truecount="1" falsecount="1"/>
        <line num="131" count="0" type="stmt"/>
        <line num="134" count="232" type="stmt"/>
        <line num="136" count="232" type="cond" truecount="2" falsecount="0"/>
        <line num="137" count="229" type="stmt"/>
        <line num="149" count="1" type="stmt"/>
        <line num="150" count="833" type="stmt"/>
        <line num="153" count="1" type="stmt"/>
        <line num="154" count="9" type="cond" truecount="3" falsecount="1"/>
        <line num="155" count="0" type="stmt"/>
        <line num="158" count="9" type="stmt"/>
        <line num="162" count="9" type="stmt"/>
        <line num="163" count="848" type="stmt"/>
        <line num="164" count="28" type="cond" truecount="1" falsecount="1"/>
        <line num="165" count="28" type="stmt"/>
        <line num="173" count="9" type="stmt"/>
        <line num="174" count="9" type="cond" truecount="2" falsecount="0"/>
        <line num="175" count="7" type="stmt"/>
        <line num="185" count="1" type="stmt"/>
        <line num="188" count="1" type="stmt"/>
        <line num="189" count="1" type="stmt"/>
        <line num="191" count="0" type="cond" truecount="0" falsecount="2"/>
        <line num="192" count="0" type="stmt"/>
      </file>
    </package>
    <package name="theme">
      <metrics statements="2" coveredstatements="2" conditionals="0" coveredconditionals="0" methods="0" coveredmethods="0"/>
      <file name="index.js" path="/home/runner/work/genshin-farming-helper/genshin-farming-helper/src/theme/index.js">
        <metrics statements="2" coveredstatements="2" conditionals="0" coveredconditionals="0" methods="0" coveredmethods="0"/>
        <line num="3" count="6" type="stmt"/>
        <line num="5" count="6" type="stmt"/>
      </file>
    </package>
    <package name="types">
      <metrics statements="2" coveredstatements="2" conditionals="0" coveredconditionals="0" methods="0" coveredmethods="0"/>
      <file name="index.js" path="/home/runner/work/genshin-farming-helper/genshin-farming-helper/src/types/index.js">
        <metrics statements="2" coveredstatements="2" conditionals="0" coveredconditionals="0" methods="0" coveredmethods="0"/>
        <line num="3" count="6" type="stmt"/>
        <line num="15" count="6" type="stmt"/>
      </file>
    </package>
    <package name="utils">
      <metrics statements="51" coveredstatements="51" conditionals="41" coveredconditionals="39" methods="17" coveredmethods="15"/>
      <file name="fullscreen.js" path="/home/runner/work/genshin-farming-helper/genshin-farming-helper/src/utils/fullscreen.js">
        <metrics statements="13" coveredstatements="13" conditionals="27" coveredconditionals="26" methods="3" coveredmethods="3"/>
        <line num="2" count="5" type="cond" truecount="4" falsecount="0"/>
        <line num="8" count="5" type="stmt"/>
        <line num="9" count="7" type="stmt"/>
        <line num="11" count="7" type="cond" truecount="5" falsecount="0"/>
        <line num="13" count="7" type="cond" truecount="3" falsecount="0"/>
        <line num="14" count="7" type="cond" truecount="2" falsecount="0"/>
        <line num="16" count="7" type="stmt"/>
        <line num="17" count="7" type="cond" truecount="5" falsecount="0"/>
        <line num="19" count="7" type="cond" truecount="4" falsecount="0"/>
        <line num="20" count="7" type="cond" truecount="2" falsecount="0"/>
        <line num="21" count="5" type="stmt"/>
        <line num="22" count="2" type="cond" truecount="1" falsecount="1"/>
        <line num="23" count="2" type="stmt"/>
      </file>
      <file name="local-storage.js" path="/home/runner/work/genshin-farming-helper/genshin-farming-helper/src/utils/local-storage.js">
        <metrics statements="7" coveredstatements="7" conditionals="4" coveredconditionals="3" methods="4" coveredmethods="2"/>
        <line num="4" count="6" type="stmt"/>
        <line num="11" count="6" type="stmt"/>
        <line num="21" count="6" type="stmt"/>
        <line num="29" count="6" type="cond" truecount="1" falsecount="1"/>
        <line num="37" count="6" type="stmt"/>
        <line num="38" count="452" type="cond" truecount="2" falsecount="0"/>
        <line num="39" count="430" type="stmt"/>
      </file>
      <file name="objects.js" path="/home/runner/work/genshin-farming-helper/genshin-farming-helper/src/utils/objects.js">
        <metrics statements="5" coveredstatements="5" conditionals="0" coveredconditionals="0" methods="2" coveredmethods="2"/>
        <line num="7" count="7" type="stmt"/>
        <line num="8" count="433" type="stmt"/>
        <line num="9" count="1290" type="stmt"/>
        <line num="10" count="1242" type="stmt"/>
        <line num="13" count="433" type="stmt"/>
      </file>
      <file name="strings.js" path="/home/runner/work/genshin-farming-helper/genshin-farming-helper/src/utils/strings.js">
        <metrics statements="1" coveredstatements="1" conditionals="0" coveredconditionals="0" methods="1" coveredmethods="1"/>
        <line num="6" count="1202" type="stmt"/>
      </file>
      <file name="theming.js" path="/home/runner/work/genshin-farming-helper/genshin-farming-helper/src/utils/theming.js">
        <metrics statements="4" coveredstatements="4" conditionals="2" coveredconditionals="2" methods="2" coveredmethods="2"/>
        <line num="5" count="6" type="stmt"/>
        <line num="12" count="23" type="cond" truecount="2" falsecount="0"/>
        <line num="18" count="6" type="stmt"/>
        <line num="25" count="6" type="stmt"/>
      </file>
      <file name="url.js" path="/home/runner/work/genshin-farming-helper/genshin-farming-helper/src/utils/url.js">
        <metrics statements="3" coveredstatements="3" conditionals="2" coveredconditionals="2" methods="2" coveredmethods="2"/>
        <line num="1" count="7" type="stmt"/>
        <line num="2" count="454" type="cond" truecount="2" falsecount="0"/>
        <line num="3" count="454" type="stmt"/>
      </file>
      <file name="wake-lock.js" path="/home/runner/work/genshin-farming-helper/genshin-farming-helper/src/utils/wake-lock.js">
        <metrics statements="18" coveredstatements="18" conditionals="6" coveredconditionals="6" methods="3" coveredmethods="3"/>
        <line num="11" count="5" type="stmt"/>
        <line num="12" count="5" type="cond" truecount="2" falsecount="0"/>
        <line num="13" count="5" type="cond" truecount="2" falsecount="0"/>
        <line num="14" count="1" type="stmt"/>
        <line num="15" count="1" type="stmt"/>
        <line num="18" count="4" type="stmt"/>
        <line num="19" count="4" type="stmt"/>
        <line num="20" count="3" type="stmt"/>
        <line num="21" count="1" type="stmt"/>
        <line num="23" count="3" type="stmt"/>
        <line num="24" count="3" type="stmt"/>
        <line num="26" count="1" type="stmt"/>
        <line num="27" count="1" type="stmt"/>
        <line num="36" count="5" type="stmt"/>
        <line num="37" count="3" type="cond" truecount="2" falsecount="0"/>
        <line num="38" count="2" type="stmt"/>
        <line num="39" count="2" type="stmt"/>
        <line num="42" count="1" type="stmt"/>
      </file>
    </package>
  </project>
</coverage>
