{"/home/runner/work/genshin-farming-helper/genshin-farming-helper/src/__tests__/__mocks__/data.js": {"path":"/home/runner/work/genshin-farming-helper/genshin-farming-helper/src/__tests__/__mocks__/data.js","statementMap":{"0":{"start":{"line":3,"column":25},"end":{"line":739,"column":1}},"1":{"start":{"line":741,"column":29},"end":{"line":1158,"column":1}}},"fnMap":{},"branchMap":{},"s":{"0":7,"1":7},"f":{},"b":{},"meta":{"lastBranch":0,"lastFunction":0,"lastStatement":2,"seen":{"s:3:25:739:1":0,"s:741:29:1158:1":1}}}
,"/home/runner/work/genshin-farming-helper/genshin-farming-helper/src/__tests__/__mocks__/local-storage.js": {"path":"/home/runner/work/genshin-farming-helper/genshin-farming-helper/src/__tests__/__mocks__/local-storage.js","statementMap":{"0":{"start":{"line":1,"column":26},"end":{"line":139,"column":1}}},"fnMap":{},"branchMap":{},"s":{"0":5},"f":{},"b":{},"meta":{"lastBranch":0,"lastFunction":0,"lastStatement":1,"seen":{"s:1:26:139:1":0}}}
,"/home/runner/work/genshin-farming-helper/genshin-farming-helper/src/__tests__/__mocks__/presets.js": {"path":"/home/runner/work/genshin-farming-helper/genshin-farming-helper/src/__tests__/__mocks__/presets.js","statementMap":{"0":{"start":{"line":1,"column":23},"end":{"line":136,"column":1}}},"fnMap":{},"branchMap":{},"s":{"0":4},"f":{},"b":{},"meta":{"lastBranch":0,"lastFunction":0,"lastStatement":1,"seen":{"s:1:23:136:1":0}}}
,"/home/runner/work/genshin-farming-helper/genshin-farming-helper/src/components/atoms/preset-card.jsx": {"path":"/home/runner/work/genshin-farming-helper/genshin-farming-helper/src/components/atoms/preset-card.jsx","statementMap":{"0":{"start":{"line":7,"column":16},"end":{"line":7,"column":null}},"1":{"start":{"line":27,"column":18},"end":{"line":27,"column":null}},"2":{"start":{"line":28,"column":7},"end":{"line":28,"column":null}},"3":{"start":{"line":29,"column":25},"end":{"line":29,"column":null}},"4":{"start":{"line":31,"column":22},"end":{"line":31,"column":null}},"5":{"start":{"line":32,"column":21},"end":{"line":38,"column":null}},"6":{"start":{"line":33,"column":2},"end":{"line":35,"column":null}},"7":{"start":{"line":34,"column":3},"end":{"line":34,"column":null}},"8":{"start":{"line":37,"column":2},"end":{"line":37,"column":null}},"9":{"start":{"line":40,"column":21},"end":{"line":47,"column":null}},"10":{"start":{"line":41,"column":2},"end":{"line":41,"column":null}},"11":{"start":{"line":42,"column":2},"end":{"line":42,"column":null}},"12":{"start":{"line":44,"column":2},"end":{"line":46,"column":null}},"13":{"start":{"line":45,"column":3},"end":{"line":45,"column":null}},"14":{"start":{"line":49,"column":1},"end":{"line":65,"column":null}},"15":{"start":{"line":69,"column":0},"end":{"line":74,"column":null}}},"fnMap":{"0":{"name":"PresetCard","decl":{"start":{"line":26,"column":9},"end":{"line":26,"column":20}},"loc":{"start":{"line":26,"column":62},"end":{"line":67,"column":null}},"line":26},"1":{"name":"(anonymous_1)","decl":{"start":{"line":32,"column":21},"end":{"line":32,"column":27}},"loc":{"start":{"line":32,"column":27},"end":{"line":38,"column":null}},"line":32},"2":{"name":"(anonymous_2)","decl":{"start":{"line":40,"column":21},"end":{"line":40,"column":30}},"loc":{"start":{"line":40,"column":30},"end":{"line":47,"column":null}},"line":40}},"branchMap":{"0":{"loc":{"start":{"line":26,"column":45},"end":{"line":26,"column":59}},"type":"default-arg","locations":[{"start":{"line":26,"column":55},"end":{"line":26,"column":59}}],"line":26},"1":{"loc":{"start":{"line":28,"column":17},"end":{"line":28,"column":39}},"type":"binary-expr","locations":[{"start":{"line":28,"column":17},"end":{"line":28,"column":34}},{"start":{"line":28,"column":34},"end":{"line":28,"column":39}}],"line":28},"2":{"loc":{"start":{"line":33,"column":2},"end":{"line":35,"column":null}},"type":"if","locations":[{"start":{"line":33,"column":2},"end":{"line":35,"column":null}},{"start":{},"end":{}}],"line":33},"3":{"loc":{"start":{"line":44,"column":2},"end":{"line":46,"column":null}},"type":"if","locations":[{"start":{"line":44,"column":2},"end":{"line":46,"column":null}},{"start":{},"end":{}}],"line":44}},"s":{"0":4,"1":44,"2":44,"3":44,"4":44,"5":44,"6":0,"7":0,"8":0,"9":44,"10":13,"11":13,"12":13,"13":13,"14":44,"15":4},"f":{"0":44,"1":0,"2":13},"b":{"0":[44],"1":[44,6],"2":[0,0],"3":[13,0]},"meta":{"lastBranch":4,"lastFunction":3,"lastStatement":16,"seen":{"s:7:16:7:Infinity":0,"f:26:9:26:20":0,"b:26:55:26:59":0,"s:27:18:27:Infinity":1,"s:28:7:28:Infinity":2,"b:28:17:28:34:28:34:28:39":1,"s:29:25:29:Infinity":3,"s:31:22:31:Infinity":4,"s:32:21:38:Infinity":5,"f:32:21:32:27":1,"b:33:2:35:Infinity:undefined:undefined:undefined:undefined":2,"s:33:2:35:Infinity":6,"s:34:3:34:Infinity":7,"s:37:2:37:Infinity":8,"s:40:21:47:Infinity":9,"f:40:21:40:30":2,"s:41:2:41:Infinity":10,"s:42:2:42:Infinity":11,"b:44:2:46:Infinity:undefined:undefined:undefined:undefined":3,"s:44:2:46:Infinity":12,"s:45:3:45:Infinity":13,"s:49:1:65:Infinity":14,"s:69:0:74:Infinity":15}}}
,"/home/runner/work/genshin-farming-helper/genshin-farming-helper/src/components/molecules/item-picker.jsx": {"path":"/home/runner/work/genshin-farming-helper/genshin-farming-helper/src/components/molecules/item-picker.jsx","statementMap":{"0":{"start":{"line":11,"column":16},"end":{"line":11,"column":null}},"1":{"start":{"line":31,"column":27},"end":{"line":35,"column":null}},"2":{"start":{"line":38,"column":33},"end":{"line":38,"column":null}},"3":{"start":{"line":39,"column":1},"end":{"line":72,"column":null}},"4":{"start":{"line":40,"column":21},"end":{"line":40,"column":null}},"5":{"start":{"line":41,"column":20},"end":{"line":41,"column":null}},"6":{"start":{"line":42,"column":17},"end":{"line":42,"column":null}},"7":{"start":{"line":43,"column":19},"end":{"line":43,"column":null}},"8":{"start":{"line":47,"column":26},"end":{"line":47,"column":null}},"9":{"start":{"line":49,"column":23},"end":{"line":49,"column":null}},"10":{"start":{"line":50,"column":22},"end":{"line":56,"column":null}},"11":{"start":{"line":51,"column":3},"end":{"line":53,"column":null}},"12":{"start":{"line":52,"column":4},"end":{"line":52,"column":null}},"13":{"start":{"line":55,"column":3},"end":{"line":55,"column":null}},"14":{"start":{"line":58,"column":8},"end":{"line":58,"column":null}},"15":{"start":{"line":60,"column":2},"end":{"line":70,"column":null}},"16":{"start":{"line":75,"column":0},"end":{"line":79,"column":null}}},"fnMap":{"0":{"name":"ItemPicker","decl":{"start":{"line":37,"column":9},"end":{"line":37,"column":20}},"loc":{"start":{"line":37,"column":32},"end":{"line":73,"column":null}},"line":37},"1":{"name":"(anonymous_1)","decl":{"start":{"line":39,"column":22},"end":{"line":39,"column":34}},"loc":{"start":{"line":39,"column":34},"end":{"line":72,"column":2}},"line":39},"2":{"name":"(anonymous_2)","decl":{"start":{"line":50,"column":22},"end":{"line":50,"column":28}},"loc":{"start":{"line":50,"column":28},"end":{"line":56,"column":null}},"line":50}},"branchMap":{"0":{"loc":{"start":{"line":42,"column":17},"end":{"line":42,"column":null}},"type":"cond-expr","locations":[{"start":{"line":42,"column":83},"end":{"line":42,"column":88}},{"start":{"line":42,"column":83},"end":{"line":42,"column":null}}],"line":42},"1":{"loc":{"start":{"line":42,"column":17},"end":{"line":42,"column":83}},"type":"binary-expr","locations":[{"start":{"line":42,"column":17},"end":{"line":42,"column":52}},{"start":{"line":42,"column":52},"end":{"line":42,"column":83}}],"line":42},"2":{"loc":{"start":{"line":42,"column":88},"end":{"line":42,"column":130}},"type":"binary-expr","locations":[{"start":{"line":42,"column":88},"end":{"line":42,"column":108}},{"start":{"line":42,"column":108},"end":{"line":42,"column":130}}],"line":42},"3":{"loc":{"start":{"line":42,"column":108},"end":{"line":42,"column":130}},"type":"cond-expr","locations":[{"start":{"line":42,"column":120},"end":{"line":42,"column":124}},{"start":{"line":42,"column":124},"end":{"line":42,"column":130}}],"line":42},"4":{"loc":{"start":{"line":51,"column":3},"end":{"line":53,"column":null}},"type":"if","locations":[{"start":{"line":51,"column":3},"end":{"line":53,"column":null}},{"start":{},"end":{}}],"line":51}},"s":{"0":6,"1":6,"2":429,"3":429,"4":1199,"5":1199,"6":1199,"7":1199,"8":1199,"9":1199,"10":1199,"11":1,"12":1,"13":1,"14":1199,"15":1199,"16":6},"f":{"0":429,"1":1199,"2":1},"b":{"0":[194,1005],"1":[1199,1195],"2":[1005,0],"3":[0,0],"4":[1,0]},"meta":{"lastBranch":5,"lastFunction":3,"lastStatement":17,"seen":{"s:11:16:11:Infinity":0,"s:31:27:35:Infinity":1,"f:37:9:37:20":0,"s:38:33:38:Infinity":2,"s:39:1:72:Infinity":3,"f:39:22:39:34":1,"s:40:21:40:Infinity":4,"s:41:20:41:Infinity":5,"s:42:17:42:Infinity":6,"b:42:83:42:88:42:83:42:Infinity":0,"b:42:17:42:52:42:52:42:83":1,"b:42:88:42:108:42:108:42:130":2,"b:42:120:42:124:42:124:42:130":3,"s:43:19:43:Infinity":7,"s:47:26:47:Infinity":8,"s:49:23:49:Infinity":9,"s:50:22:56:Infinity":10,"f:50:22:50:28":2,"b:51:3:53:Infinity:undefined:undefined:undefined:undefined":4,"s:51:3:53:Infinity":11,"s:52:4:52:Infinity":12,"s:55:3:55:Infinity":13,"s:58:8:58:Infinity":14,"s:60:2:70:Infinity":15,"s:75:0:79:Infinity":16}}}
,"/home/runner/work/genshin-farming-helper/genshin-farming-helper/src/components/molecules/preset-grid.jsx": {"path":"/home/runner/work/genshin-farming-helper/genshin-farming-helper/src/components/molecules/preset-grid.jsx","statementMap":{"0":{"start":{"line":6,"column":13},"end":{"line":6,"column":null}},"1":{"start":{"line":35,"column":1},"end":{"line":51,"column":null}},"2":{"start":{"line":38,"column":21},"end":{"line":38,"column":null}},"3":{"start":{"line":39,"column":21},"end":{"line":39,"column":null}},"4":{"start":{"line":41,"column":4},"end":{"line":48,"column":null}},"5":{"start":{"line":55,"column":0},"end":{"line":60,"column":null}}},"fnMap":{"0":{"name":"PresetGrid","decl":{"start":{"line":34,"column":9},"end":{"line":34,"column":20}},"loc":{"start":{"line":34,"column":67},"end":{"line":53,"column":null}},"line":34},"1":{"name":"(anonymous_1)","decl":{"start":{"line":37,"column":16},"end":{"line":37,"column":26}},"loc":{"start":{"line":37,"column":26},"end":{"line":50,"column":4}},"line":37}},"branchMap":{},"s":{"0":4,"1":23,"2":44,"3":44,"4":44,"5":4},"f":{"0":23,"1":44},"b":{},"meta":{"lastBranch":0,"lastFunction":2,"lastStatement":6,"seen":{"s:6:13:6:Infinity":0,"f:34:9:34:20":0,"s:35:1:51:Infinity":1,"f:37:16:37:26":1,"s:38:21:38:Infinity":2,"s:39:21:39:Infinity":3,"s:41:4:48:Infinity":4,"s:55:0:60:Infinity":5}}}
,"/home/runner/work/genshin-farming-helper/genshin-farming-helper/src/components/molecules/tab-panel.jsx": {"path":"/home/runner/work/genshin-farming-helper/genshin-farming-helper/src/components/molecules/tab-panel.jsx","statementMap":{"0":{"start":{"line":6,"column":16},"end":{"line":6,"column":null}},"1":{"start":{"line":14,"column":18},"end":{"line":31,"column":null}},"2":{"start":{"line":36,"column":19},"end":{"line":36,"column":null}},"3":{"start":{"line":41,"column":1},"end":{"line":62,"column":null}},"4":{"start":{"line":45,"column":5},"end":{"line":56,"column":null}},"5":{"start":{"line":52,"column":22},"end":{"line":52,"column":null}},"6":{"start":{"line":66,"column":0},"end":{"line":74,"column":null}}},"fnMap":{"0":{"name":"TabPanel","decl":{"start":{"line":40,"column":9},"end":{"line":40,"column":18}},"loc":{"start":{"line":40,"column":67},"end":{"line":64,"column":null}},"line":40},"1":{"name":"(anonymous_1)","decl":{"start":{"line":44,"column":14},"end":{"line":44,"column":null}},"loc":{"start":{"line":45,"column":5},"end":{"line":56,"column":null}},"line":45},"2":{"name":"(anonymous_2)","decl":{"start":{"line":52,"column":16},"end":{"line":52,"column":22}},"loc":{"start":{"line":52,"column":22},"end":{"line":52,"column":null}},"line":52}},"branchMap":{"0":{"loc":{"start":{"line":40,"column":49},"end":{"line":40,"column":64}},"type":"default-arg","locations":[{"start":{"line":40,"column":60},"end":{"line":40,"column":64}}],"line":40},"1":{"loc":{"start":{"line":48,"column":18},"end":{"line":48,"column":null}},"type":"cond-expr","locations":[{"start":{"line":48,"column":41},"end":{"line":48,"column":52}},{"start":{"line":48,"column":52},"end":{"line":48,"column":null}}],"line":48}},"s":{"0":4,"1":4,"2":4,"3":23,"4":69,"5":2,"6":4},"f":{"0":23,"1":69,"2":2},"b":{"0":[23],"1":[23,46]},"meta":{"lastBranch":2,"lastFunction":3,"lastStatement":7,"seen":{"s:6:16:6:Infinity":0,"s:14:18:31:Infinity":1,"s:36:19:36:Infinity":2,"f:40:9:40:18":0,"b:40:60:40:64":0,"s:41:1:62:Infinity":3,"f:44:14:44:Infinity":1,"s:45:5:56:Infinity":4,"b:48:41:48:52:48:52:48:Infinity":1,"f:52:16:52:22":2,"s:52:22:52:Infinity":5,"s:66:0:74:Infinity":6}}}
,"/home/runner/work/genshin-farming-helper/genshin-farming-helper/src/components/organisms/farm-helper.jsx": {"path":"/home/runner/work/genshin-farming-helper/genshin-farming-helper/src/components/organisms/farm-helper.jsx","statementMap":{"0":{"start":{"line":13,"column":27},"end":{"line":13,"column":null}},"1":{"start":{"line":15,"column":16},"end":{"line":15,"column":null}},"2":{"start":{"line":23,"column":14},"end":{"line":23,"column":null}},"3":{"start":{"line":30,"column":14},"end":{"line":30,"column":null}},"4":{"start":{"line":46,"column":15},"end":{"line":59,"column":null}},"5":{"start":{"line":94,"column":15},"end":{"line":94,"column":null}},"6":{"start":{"line":110,"column":21},"end":{"line":115,"column":null}},"7":{"start":{"line":120,"column":20},"end":{"line":120,"column":null}},"8":{"start":{"line":124,"column":22},"end":{"line":124,"column":null}},"9":{"start":{"line":138,"column":25},"end":{"line":138,"column":null}},"10":{"start":{"line":140,"column":22},"end":{"line":140,"column":null}},"11":{"start":{"line":141,"column":21},"end":{"line":148,"column":null}},"12":{"start":{"line":143,"column":2},"end":{"line":145,"column":null}},"13":{"start":{"line":144,"column":3},"end":{"line":144,"column":null}},"14":{"start":{"line":147,"column":2},"end":{"line":147,"column":null}},"15":{"start":{"line":150,"column":19},"end":{"line":150,"column":null}},"16":{"start":{"line":151,"column":23},"end":{"line":151,"column":null}},"17":{"start":{"line":153,"column":1},"end":{"line":198,"column":null}},"18":{"start":{"line":180,"column":61},"end":{"line":180,"column":133}},"19":{"start":{"line":191,"column":22},"end":{"line":191,"column":null}},"20":{"start":{"line":202,"column":0},"end":{"line":212,"column":null}},"21":{"start":{"line":231,"column":19},"end":{"line":241,"column":null}},"22":{"start":{"line":243,"column":20},"end":{"line":243,"column":null}},"23":{"start":{"line":244,"column":17},"end":{"line":244,"column":null}},"24":{"start":{"line":244,"column":44},"end":{"line":244,"column":70}},"25":{"start":{"line":246,"column":22},"end":{"line":246,"column":null}},"26":{"start":{"line":247,"column":15},"end":{"line":247,"column":null}},"27":{"start":{"line":247,"column":70},"end":{"line":247,"column":108}},"28":{"start":{"line":250,"column":20},"end":{"line":250,"column":null}},"29":{"start":{"line":251,"column":27},"end":{"line":251,"column":null}},"30":{"start":{"line":252,"column":35},"end":{"line":252,"column":null}},"31":{"start":{"line":253,"column":35},"end":{"line":253,"column":null}},"32":{"start":{"line":254,"column":26},"end":{"line":254,"column":null}},"33":{"start":{"line":254,"column":32},"end":{"line":254,"column":null}},"34":{"start":{"line":257,"column":27},"end":{"line":257,"column":null}},"35":{"start":{"line":258,"column":35},"end":{"line":258,"column":null}},"36":{"start":{"line":259,"column":35},"end":{"line":259,"column":null}},"37":{"start":{"line":260,"column":26},"end":{"line":260,"column":null}},"38":{"start":{"line":260,"column":32},"end":{"line":260,"column":null}},"39":{"start":{"line":261,"column":1},"end":{"line":268,"column":null}},"40":{"start":{"line":262,"column":2},"end":{"line":267,"column":null}},"41":{"start":{"line":264,"column":3},"end":{"line":264,"column":null}},"42":{"start":{"line":266,"column":3},"end":{"line":266,"column":null}},"43":{"start":{"line":271,"column":31},"end":{"line":271,"column":null}},"44":{"start":{"line":272,"column":39},"end":{"line":272,"column":null}},"45":{"start":{"line":273,"column":39},"end":{"line":273,"column":null}},"46":{"start":{"line":274,"column":28},"end":{"line":274,"column":null}},"47":{"start":{"line":274,"column":34},"end":{"line":274,"column":null}},"48":{"start":{"line":275,"column":1},"end":{"line":282,"column":null}},"49":{"start":{"line":276,"column":2},"end":{"line":281,"column":null}},"50":{"start":{"line":278,"column":3},"end":{"line":278,"column":null}},"51":{"start":{"line":280,"column":3},"end":{"line":280,"column":null}},"52":{"start":{"line":285,"column":29},"end":{"line":285,"column":null}},"53":{"start":{"line":286,"column":37},"end":{"line":286,"column":null}},"54":{"start":{"line":287,"column":27},"end":{"line":287,"column":null}},"55":{"start":{"line":287,"column":33},"end":{"line":287,"column":null}},"56":{"start":{"line":288,"column":21},"end":{"line":288,"column":null}},"57":{"start":{"line":289,"column":1},"end":{"line":296,"column":null}},"58":{"start":{"line":290,"column":2},"end":{"line":295,"column":null}},"59":{"start":{"line":292,"column":3},"end":{"line":292,"column":null}},"60":{"start":{"line":294,"column":3},"end":{"line":294,"column":null}},"61":{"start":{"line":298,"column":23},"end":{"line":298,"column":null}},"62":{"start":{"line":299,"column":21},"end":{"line":299,"column":null}},"63":{"start":{"line":300,"column":20},"end":{"line":300,"column":null}},"64":{"start":{"line":301,"column":19},"end":{"line":301,"column":null}},"65":{"start":{"line":302,"column":19},"end":{"line":302,"column":null}},"66":{"start":{"line":303,"column":22},"end":{"line":303,"column":null}},"67":{"start":{"line":305,"column":26},"end":{"line":314,"column":null}},"68":{"start":{"line":305,"column":35},"end":{"line":314,"column":null}},"69":{"start":{"line":306,"column":18},"end":{"line":306,"column":null}},"70":{"start":{"line":307,"column":2},"end":{"line":313,"column":null}},"71":{"start":{"line":308,"column":3},"end":{"line":310,"column":null}},"72":{"start":{"line":309,"column":4},"end":{"line":309,"column":null}},"73":{"start":{"line":312,"column":3},"end":{"line":312,"column":null}},"74":{"start":{"line":316,"column":22},"end":{"line":316,"column":null}},"75":{"start":{"line":317,"column":22},"end":{"line":317,"column":null}},"76":{"start":{"line":319,"column":19},"end":{"line":333,"column":null}},"77":{"start":{"line":334,"column":20},"end":{"line":334,"column":null}},"78":{"start":{"line":335,"column":1},"end":{"line":335,"column":null}},"79":{"start":{"line":338,"column":1},"end":{"line":340,"column":null}},"80":{"start":{"line":339,"column":2},"end":{"line":339,"column":null}},"81":{"start":{"line":342,"column":1},"end":{"line":367,"column":null}},"82":{"start":{"line":345,"column":4},"end":{"line":356,"column":null}},"83":{"start":{"line":363,"column":19},"end":{"line":363,"column":null}},"84":{"start":{"line":371,"column":0},"end":{"line":377,"column":null}}},"fnMap":{"0":{"name":"TierItem","decl":{"start":{"line":127,"column":9},"end":{"line":127,"column":18}},"loc":{"start":{"line":137,"column":3},"end":{"line":200,"column":null}},"line":137},"1":{"name":"(anonymous_1)","decl":{"start":{"line":141,"column":21},"end":{"line":141,"column":27}},"loc":{"start":{"line":141,"column":27},"end":{"line":148,"column":null}},"line":141},"2":{"name":"(anonymous_2)","decl":{"start":{"line":180,"column":47},"end":{"line":180,"column":48}},"loc":{"start":{"line":180,"column":61},"end":{"line":180,"column":133}},"line":180},"3":{"name":"(anonymous_3)","decl":{"start":{"line":191,"column":16},"end":{"line":191,"column":22}},"loc":{"start":{"line":191,"column":22},"end":{"line":191,"column":null}},"line":191},"4":{"name":"FarmHelper","decl":{"start":{"line":214,"column":9},"end":{"line":214,"column":20}},"loc":{"start":{"line":230,"column":3},"end":{"line":369,"column":null}},"line":230},"5":{"name":"(anonymous_5)","decl":{"start":{"line":244,"column":32},"end":{"line":244,"column":44}},"loc":{"start":{"line":244,"column":44},"end":{"line":244,"column":70}},"line":244},"6":{"name":"(anonymous_6)","decl":{"start":{"line":247,"column":58},"end":{"line":247,"column":70}},"loc":{"start":{"line":247,"column":70},"end":{"line":247,"column":108}},"line":247},"7":{"name":"(anonymous_7)","decl":{"start":{"line":254,"column":26},"end":{"line":254,"column":32}},"loc":{"start":{"line":254,"column":32},"end":{"line":254,"column":null}},"line":254},"8":{"name":"(anonymous_8)","decl":{"start":{"line":260,"column":26},"end":{"line":260,"column":32}},"loc":{"start":{"line":260,"column":32},"end":{"line":260,"column":null}},"line":260},"9":{"name":"(anonymous_9)","decl":{"start":{"line":261,"column":11},"end":{"line":261,"column":17}},"loc":{"start":{"line":261,"column":17},"end":{"line":268,"column":4}},"line":261},"10":{"name":"(anonymous_10)","decl":{"start":{"line":274,"column":28},"end":{"line":274,"column":34}},"loc":{"start":{"line":274,"column":34},"end":{"line":274,"column":null}},"line":274},"11":{"name":"(anonymous_11)","decl":{"start":{"line":275,"column":11},"end":{"line":275,"column":17}},"loc":{"start":{"line":275,"column":17},"end":{"line":282,"column":4}},"line":275},"12":{"name":"(anonymous_12)","decl":{"start":{"line":287,"column":27},"end":{"line":287,"column":33}},"loc":{"start":{"line":287,"column":33},"end":{"line":287,"column":null}},"line":287},"13":{"name":"(anonymous_13)","decl":{"start":{"line":289,"column":11},"end":{"line":289,"column":17}},"loc":{"start":{"line":289,"column":17},"end":{"line":296,"column":4}},"line":289},"14":{"name":"(anonymous_14)","decl":{"start":{"line":305,"column":26},"end":{"line":305,"column":35}},"loc":{"start":{"line":305,"column":35},"end":{"line":314,"column":null}},"line":305},"15":{"name":"(anonymous_15)","decl":{"start":{"line":305,"column":35},"end":{"line":305,"column":44}},"loc":{"start":{"line":305,"column":44},"end":{"line":314,"column":null}},"line":305},"16":{"name":"(anonymous_16)","decl":{"start":{"line":344,"column":14},"end":{"line":344,"column":15}},"loc":{"start":{"line":345,"column":4},"end":{"line":356,"column":null}},"line":345},"17":{"name":"(anonymous_17)","decl":{"start":{"line":363,"column":13},"end":{"line":363,"column":19}},"loc":{"start":{"line":363,"column":19},"end":{"line":363,"column":null}},"line":363}},"branchMap":{"0":{"loc":{"start":{"line":143,"column":2},"end":{"line":145,"column":null}},"type":"if","locations":[{"start":{"line":143,"column":2},"end":{"line":145,"column":null}},{"start":{},"end":{}}],"line":143},"1":{"loc":{"start":{"line":151,"column":23},"end":{"line":151,"column":null}},"type":"binary-expr","locations":[{"start":{"line":151,"column":23},"end":{"line":151,"column":36}},{"start":{"line":151,"column":36},"end":{"line":151,"column":null}}],"line":151},"2":{"loc":{"start":{"line":170,"column":15},"end":{"line":170,"column":null}},"type":"cond-expr","locations":[{"start":{"line":170,"column":27},"end":{"line":170,"column":39}},{"start":{"line":170,"column":39},"end":{"line":170,"column":null}}],"line":170},"3":{"loc":{"start":{"line":172,"column":49},"end":{"line":172,"column":69}},"type":"binary-expr","locations":[{"start":{"line":172,"column":49},"end":{"line":172,"column":64}},{"start":{"line":172,"column":64},"end":{"line":172,"column":69}}],"line":172},"4":{"loc":{"start":{"line":173,"column":11},"end":{"line":173,"column":null}},"type":"cond-expr","locations":[{"start":{"line":173,"column":41},"end":{"line":173,"column":93}},{"start":{"line":173,"column":93},"end":{"line":173,"column":null}}],"line":173},"5":{"loc":{"start":{"line":173,"column":11},"end":{"line":173,"column":41}},"type":"binary-expr","locations":[{"start":{"line":173,"column":11},"end":{"line":173,"column":24}},{"start":{"line":173,"column":24},"end":{"line":173,"column":41}}],"line":173},"6":{"loc":{"start":{"line":180,"column":16},"end":{"line":180,"column":32}},"type":"binary-expr","locations":[{"start":{"line":180,"column":16},"end":{"line":180,"column":31}},{"start":{"line":180,"column":31},"end":{"line":180,"column":32}}],"line":180},"7":{"loc":{"start":{"line":182,"column":12},"end":{"line":182,"column":53}},"type":"cond-expr","locations":[{"start":{"line":182,"column":28},"end":{"line":182,"column":42}},{"start":{"line":182,"column":42},"end":{"line":182,"column":53}}],"line":182},"8":{"loc":{"start":{"line":186,"column":4},"end":{"line":196,"column":null}},"type":"binary-expr","locations":[{"start":{"line":186,"column":4},"end":{"line":186,"column":null}},{"start":{"line":187,"column":4},"end":{"line":196,"column":null}}],"line":186},"9":{"loc":{"start":{"line":193,"column":63},"end":{"line":193,"column":86}},"type":"cond-expr","locations":[{"start":{"line":193,"column":74},"end":{"line":193,"column":84}},{"start":{"line":193,"column":84},"end":{"line":193,"column":86}}],"line":193},"10":{"loc":{"start":{"line":194,"column":7},"end":{"line":194,"column":null}},"type":"cond-expr","locations":[{"start":{"line":194,"column":18},"end":{"line":194,"column":27}},{"start":{"line":194,"column":27},"end":{"line":194,"column":null}}],"line":194},"11":{"loc":{"start":{"line":216,"column":1},"end":{"line":216,"column":null}},"type":"default-arg","locations":[{"start":{"line":216,"column":10},"end":{"line":216,"column":null}}],"line":216},"12":{"loc":{"start":{"line":246,"column":22},"end":{"line":246,"column":null}},"type":"binary-expr","locations":[{"start":{"line":246,"column":22},"end":{"line":246,"column":64}},{"start":{"line":246,"column":64},"end":{"line":246,"column":101}},{"start":{"line":246,"column":101},"end":{"line":246,"column":138}},{"start":{"line":246,"column":138},"end":{"line":246,"column":null}}],"line":246},"13":{"loc":{"start":{"line":247,"column":15},"end":{"line":247,"column":null}},"type":"cond-expr","locations":[{"start":{"line":247,"column":26},"end":{"line":247,"column":125}},{"start":{"line":247,"column":125},"end":{"line":247,"column":null}}],"line":247},"14":{"loc":{"start":{"line":247,"column":26},"end":{"line":247,"column":125}},"type":"cond-expr","locations":[{"start":{"line":247,"column":41},"end":{"line":247,"column":112}},{"start":{"line":247,"column":112},"end":{"line":247,"column":125}}],"line":247},"15":{"loc":{"start":{"line":251,"column":40},"end":{"line":251,"column":59}},"type":"binary-expr","locations":[{"start":{"line":251,"column":40},"end":{"line":251,"column":58}},{"start":{"line":251,"column":58},"end":{"line":251,"column":59}}],"line":251},"16":{"loc":{"start":{"line":252,"column":48},"end":{"line":252,"column":80}},"type":"binary-expr","locations":[{"start":{"line":252,"column":48},"end":{"line":252,"column":70}},{"start":{"line":252,"column":70},"end":{"line":252,"column":80}}],"line":252},"17":{"loc":{"start":{"line":253,"column":48},"end":{"line":253,"column":72}},"type":"binary-expr","locations":[{"start":{"line":253,"column":48},"end":{"line":253,"column":70}},{"start":{"line":253,"column":70},"end":{"line":253,"column":72}}],"line":253},"18":{"loc":{"start":{"line":257,"column":40},"end":{"line":257,"column":59}},"type":"binary-expr","locations":[{"start":{"line":257,"column":40},"end":{"line":257,"column":58}},{"start":{"line":257,"column":58},"end":{"line":257,"column":59}}],"line":257},"19":{"loc":{"start":{"line":258,"column":48},"end":{"line":258,"column":75}},"type":"binary-expr","locations":[{"start":{"line":258,"column":48},"end":{"line":258,"column":70}},{"start":{"line":258,"column":70},"end":{"line":258,"column":75}}],"line":258},"20":{"loc":{"start":{"line":259,"column":48},"end":{"line":259,"column":72}},"type":"binary-expr","locations":[{"start":{"line":259,"column":48},"end":{"line":259,"column":70}},{"start":{"line":259,"column":70},"end":{"line":259,"column":72}}],"line":259},"21":{"loc":{"start":{"line":262,"column":2},"end":{"line":267,"column":null}},"type":"if","locations":[{"start":{"line":262,"column":2},"end":{"line":267,"column":null}},{"start":{},"end":{}}],"line":262},"22":{"loc":{"start":{"line":262,"column":6},"end":{"line":262,"column":51}},"type":"binary-expr","locations":[{"start":{"line":262,"column":6},"end":{"line":262,"column":22}},{"start":{"line":262,"column":22},"end":{"line":262,"column":33}},{"start":{"line":262,"column":33},"end":{"line":262,"column":51}}],"line":262},"23":{"loc":{"start":{"line":271,"column":44},"end":{"line":271,"column":65}},"type":"binary-expr","locations":[{"start":{"line":271,"column":44},"end":{"line":271,"column":64}},{"start":{"line":271,"column":64},"end":{"line":271,"column":65}}],"line":271},"24":{"loc":{"start":{"line":272,"column":52},"end":{"line":272,"column":81}},"type":"binary-expr","locations":[{"start":{"line":272,"column":52},"end":{"line":272,"column":76}},{"start":{"line":272,"column":76},"end":{"line":272,"column":81}}],"line":272},"25":{"loc":{"start":{"line":273,"column":52},"end":{"line":273,"column":78}},"type":"binary-expr","locations":[{"start":{"line":273,"column":52},"end":{"line":273,"column":76}},{"start":{"line":273,"column":76},"end":{"line":273,"column":78}}],"line":273},"26":{"loc":{"start":{"line":276,"column":2},"end":{"line":281,"column":null}},"type":"if","locations":[{"start":{"line":276,"column":2},"end":{"line":281,"column":null}},{"start":{},"end":{}}],"line":276},"27":{"loc":{"start":{"line":276,"column":6},"end":{"line":276,"column":51}},"type":"binary-expr","locations":[{"start":{"line":276,"column":6},"end":{"line":276,"column":22}},{"start":{"line":276,"column":22},"end":{"line":276,"column":33}},{"start":{"line":276,"column":33},"end":{"line":276,"column":51}}],"line":276},"28":{"loc":{"start":{"line":285,"column":42},"end":{"line":285,"column":62}},"type":"binary-expr","locations":[{"start":{"line":285,"column":42},"end":{"line":285,"column":61}},{"start":{"line":285,"column":61},"end":{"line":285,"column":62}}],"line":285},"29":{"loc":{"start":{"line":286,"column":50},"end":{"line":286,"column":75}},"type":"binary-expr","locations":[{"start":{"line":286,"column":50},"end":{"line":286,"column":73}},{"start":{"line":286,"column":73},"end":{"line":286,"column":75}}],"line":286},"30":{"loc":{"start":{"line":290,"column":2},"end":{"line":295,"column":null}},"type":"if","locations":[{"start":{"line":290,"column":2},"end":{"line":295,"column":null}},{"start":{},"end":{}}],"line":290},"31":{"loc":{"start":{"line":290,"column":6},"end":{"line":290,"column":72}},"type":"binary-expr","locations":[{"start":{"line":290,"column":6},"end":{"line":290,"column":21}},{"start":{"line":290,"column":21},"end":{"line":290,"column":39}},{"start":{"line":290,"column":39},"end":{"line":290,"column":52}},{"start":{"line":290,"column":52},"end":{"line":290,"column":72}}],"line":290},"32":{"loc":{"start":{"line":307,"column":2},"end":{"line":313,"column":null}},"type":"if","locations":[{"start":{"line":307,"column":2},"end":{"line":313,"column":null}},{"start":{"line":311,"column":9},"end":{"line":313,"column":null}}],"line":307},"33":{"loc":{"start":{"line":308,"column":3},"end":{"line":310,"column":null}},"type":"if","locations":[{"start":{"line":308,"column":3},"end":{"line":310,"column":null}},{"start":{},"end":{}}],"line":308},"34":{"loc":{"start":{"line":317,"column":22},"end":{"line":317,"column":null}},"type":"binary-expr","locations":[{"start":{"line":317,"column":22},"end":{"line":317,"column":47}},{"start":{"line":317,"column":47},"end":{"line":317,"column":null}}],"line":317},"35":{"loc":{"start":{"line":338,"column":1},"end":{"line":340,"column":null}},"type":"if","locations":[{"start":{"line":338,"column":1},"end":{"line":340,"column":null}},{"start":{},"end":{}}],"line":338}},"s":{"0":5,"1":5,"2":5,"3":5,"4":5,"5":5,"6":5,"7":5,"8":5,"9":1000,"10":1000,"11":1000,"12":0,"13":0,"14":0,"15":1000,"16":1000,"17":1000,"18":3038,"19":4,"20":5,"21":371,"22":371,"23":371,"24":9686,"25":371,"26":371,"27":13608,"28":371,"29":371,"30":371,"31":371,"32":371,"33":201,"34":371,"35":371,"36":371,"37":371,"38":3,"39":371,"40":316,"41":36,"42":36,"43":371,"44":371,"45":371,"46":371,"47":3,"48":371,"49":129,"50":8,"51":8,"52":371,"53":371,"54":371,"55":3,"56":371,"57":371,"58":89,"59":7,"60":7,"61":371,"62":371,"63":371,"64":371,"65":371,"66":371,"67":371,"68":1000,"69":15,"70":15,"71":11,"72":11,"73":4,"74":371,"75":371,"76":371,"77":371,"78":371,"79":371,"80":0,"81":371,"82":1000,"83":3,"84":5},"f":{"0":1000,"1":0,"2":3038,"3":4,"4":371,"5":9686,"6":13608,"7":201,"8":3,"9":316,"10":3,"11":129,"12":3,"13":89,"14":1000,"15":15,"16":1000,"17":3},"b":{"0":[0,0],"1":[1000,108],"2":[108,892],"3":[1000,49],"4":[54,946],"5":[1000,108],"6":[1000,49],"7":[54,946],"8":[1000,629],"9":[114,515],"10":[114,515],"11":[371],"12":[371,325,275,226],"13":[371,0],"14":[243,128],"15":[371,0],"16":[371,355],"17":[371,315],"18":[371,0],"19":[371,0],"20":[371,315],"21":[36,280],"22":[316,197,120],"23":[371,0],"24":[371,0],"25":[371,315],"26":[8,121],"27":[129,90,57],"28":[371,0],"29":[371,315],"30":[7,82],"31":[89,43,39,21],"32":[11,4],"33":[11,0],"34":[371,37],"35":[0,371]},"meta":{"lastBranch":36,"lastFunction":18,"lastStatement":85,"seen":{"s:13:27:13:Infinity":0,"s:15:16:15:Infinity":1,"s:23:14:23:Infinity":2,"s:30:14:30:Infinity":3,"s:46:15:59:Infinity":4,"s:94:15:94:Infinity":5,"s:110:21:115:Infinity":6,"s:120:20:120:Infinity":7,"s:124:22:124:Infinity":8,"f:127:9:127:18":0,"s:138:25:138:Infinity":9,"s:140:22:140:Infinity":10,"s:141:21:148:Infinity":11,"f:141:21:141:27":1,"b:143:2:145:Infinity:undefined:undefined:undefined:undefined":0,"s:143:2:145:Infinity":12,"s:144:3:144:Infinity":13,"s:147:2:147:Infinity":14,"s:150:19:150:Infinity":15,"s:151:23:151:Infinity":16,"b:151:23:151:36:151:36:151:Infinity":1,"s:153:1:198:Infinity":17,"b:170:27:170:39:170:39:170:Infinity":2,"b:172:49:172:64:172:64:172:69":3,"b:173:41:173:93:173:93:173:Infinity":4,"b:173:11:173:24:173:24:173:41":5,"b:180:16:180:31:180:31:180:32":6,"f:180:47:180:48":2,"s:180:61:180:133":18,"b:182:28:182:42:182:42:182:53":7,"b:186:4:186:Infinity:187:4:196:Infinity":8,"f:191:16:191:22":3,"s:191:22:191:Infinity":19,"b:193:74:193:84:193:84:193:86":9,"b:194:18:194:27:194:27:194:Infinity":10,"s:202:0:212:Infinity":20,"f:214:9:214:20":4,"b:216:10:216:Infinity":11,"s:231:19:241:Infinity":21,"s:243:20:243:Infinity":22,"s:244:17:244:Infinity":23,"f:244:32:244:44":5,"s:244:44:244:70":24,"s:246:22:246:Infinity":25,"b:246:22:246:64:246:64:246:101:246:101:246:138:246:138:246:Infinity":12,"s:247:15:247:Infinity":26,"b:247:26:247:125:247:125:247:Infinity":13,"b:247:41:247:112:247:112:247:125":14,"f:247:58:247:70":6,"s:247:70:247:108":27,"s:250:20:250:Infinity":28,"s:251:27:251:Infinity":29,"b:251:40:251:58:251:58:251:59":15,"s:252:35:252:Infinity":30,"b:252:48:252:70:252:70:252:80":16,"s:253:35:253:Infinity":31,"b:253:48:253:70:253:70:253:72":17,"s:254:26:254:Infinity":32,"f:254:26:254:32":7,"s:254:32:254:Infinity":33,"s:257:27:257:Infinity":34,"b:257:40:257:58:257:58:257:59":18,"s:258:35:258:Infinity":35,"b:258:48:258:70:258:70:258:75":19,"s:259:35:259:Infinity":36,"b:259:48:259:70:259:70:259:72":20,"s:260:26:260:Infinity":37,"f:260:26:260:32":8,"s:260:32:260:Infinity":38,"s:261:1:268:Infinity":39,"f:261:11:261:17":9,"b:262:2:267:Infinity:undefined:undefined:undefined:undefined":21,"s:262:2:267:Infinity":40,"b:262:6:262:22:262:22:262:33:262:33:262:51":22,"s:264:3:264:Infinity":41,"s:266:3:266:Infinity":42,"s:271:31:271:Infinity":43,"b:271:44:271:64:271:64:271:65":23,"s:272:39:272:Infinity":44,"b:272:52:272:76:272:76:272:81":24,"s:273:39:273:Infinity":45,"b:273:52:273:76:273:76:273:78":25,"s:274:28:274:Infinity":46,"f:274:28:274:34":10,"s:274:34:274:Infinity":47,"s:275:1:282:Infinity":48,"f:275:11:275:17":11,"b:276:2:281:Infinity:undefined:undefined:undefined:undefined":26,"s:276:2:281:Infinity":49,"b:276:6:276:22:276:22:276:33:276:33:276:51":27,"s:278:3:278:Infinity":50,"s:280:3:280:Infinity":51,"s:285:29:285:Infinity":52,"b:285:42:285:61:285:61:285:62":28,"s:286:37:286:Infinity":53,"b:286:50:286:73:286:73:286:75":29,"s:287:27:287:Infinity":54,"f:287:27:287:33":12,"s:287:33:287:Infinity":55,"s:288:21:288:Infinity":56,"s:289:1:296:Infinity":57,"f:289:11:289:17":13,"b:290:2:295:Infinity:undefined:undefined:undefined:undefined":30,"s:290:2:295:Infinity":58,"b:290:6:290:21:290:21:290:39:290:39:290:52:290:52:290:72":31,"s:292:3:292:Infinity":59,"s:294:3:294:Infinity":60,"s:298:23:298:Infinity":61,"s:299:21:299:Infinity":62,"s:300:20:300:Infinity":63,"s:301:19:301:Infinity":64,"s:302:19:302:Infinity":65,"s:303:22:303:Infinity":66,"s:305:26:314:Infinity":67,"f:305:26:305:35":14,"s:305:35:314:Infinity":68,"f:305:35:305:44":15,"s:306:18:306:Infinity":69,"b:307:2:313:Infinity:311:9:313:Infinity":32,"s:307:2:313:Infinity":70,"b:308:3:310:Infinity:undefined:undefined:undefined:undefined":33,"s:308:3:310:Infinity":71,"s:309:4:309:Infinity":72,"s:312:3:312:Infinity":73,"s:316:22:316:Infinity":74,"s:317:22:317:Infinity":75,"b:317:22:317:47:317:47:317:Infinity":34,"s:319:19:333:Infinity":76,"s:334:20:334:Infinity":77,"s:335:1:335:Infinity":78,"b:338:1:340:Infinity:undefined:undefined:undefined:undefined":35,"s:338:1:340:Infinity":79,"s:339:2:339:Infinity":80,"s:342:1:367:Infinity":81,"f:344:14:344:15":16,"s:345:4:356:Infinity":82,"f:363:13:363:19":17,"s:363:19:363:Infinity":83,"s:371:0:377:Infinity":84}}}
,"/home/runner/work/genshin-farming-helper/genshin-farming-helper/src/components/organisms/item-categories.jsx": {"path":"/home/runner/work/genshin-farming-helper/genshin-farming-helper/src/components/organisms/item-categories.jsx","statementMap":{"0":{"start":{"line":9,"column":19},"end":{"line":39,"column":null}},"1":{"start":{"line":64,"column":1},"end":{"line":119,"column":null}},"2":{"start":{"line":123,"column":0},"end":{"line":127,"column":null}}},"fnMap":{"0":{"name":"ItemCategories","decl":{"start":{"line":49,"column":9},"end":{"line":49,"column":24}},"loc":{"start":{"line":63,"column":3},"end":{"line":121,"column":null}},"line":63}},"branchMap":{},"s":{"0":5,"1":47,"2":5},"f":{"0":47},"b":{},"meta":{"lastBranch":0,"lastFunction":1,"lastStatement":3,"seen":{"s:9:19:39:Infinity":0,"f:49:9:49:24":0,"s:64:1:119:Infinity":1,"s:123:0:127:Infinity":2}}}
,"/home/runner/work/genshin-farming-helper/genshin-farming-helper/src/components/organisms/modal-dialog.jsx": {"path":"/home/runner/work/genshin-farming-helper/genshin-farming-helper/src/components/organisms/modal-dialog.jsx","statementMap":{"0":{"start":{"line":8,"column":16},"end":{"line":8,"column":null}},"1":{"start":{"line":22,"column":14},"end":{"line":23,"column":null}},"2":{"start":{"line":34,"column":15},"end":{"line":43,"column":null}},"3":{"start":{"line":49,"column":20},"end":{"line":57,"column":null}},"4":{"start":{"line":67,"column":16},"end":{"line":67,"column":null}},"5":{"start":{"line":74,"column":1},"end":{"line":82,"column":null}},"6":{"start":{"line":75,"column":23},"end":{"line":75,"column":null}},"7":{"start":{"line":76,"column":2},"end":{"line":76,"column":null}},"8":{"start":{"line":79,"column":2},"end":{"line":81,"column":null}},"9":{"start":{"line":80,"column":3},"end":{"line":80,"column":null}},"10":{"start":{"line":84,"column":1},"end":{"line":86,"column":null}},"11":{"start":{"line":85,"column":2},"end":{"line":85,"column":null}},"12":{"start":{"line":88,"column":28},"end":{"line":92,"column":null}},"13":{"start":{"line":89,"column":2},"end":{"line":91,"column":null}},"14":{"start":{"line":90,"column":3},"end":{"line":90,"column":null}},"15":{"start":{"line":94,"column":1},"end":{"line":112,"column":null}},"16":{"start":{"line":116,"column":0},"end":{"line":121,"column":null}}},"fnMap":{"0":{"name":"ModalDialog","decl":{"start":{"line":73,"column":9},"end":{"line":73,"column":21}},"loc":{"start":{"line":73,"column":64},"end":{"line":114,"column":null}},"line":73},"1":{"name":"(anonymous_1)","decl":{"start":{"line":74,"column":11},"end":{"line":74,"column":17}},"loc":{"start":{"line":74,"column":17},"end":{"line":82,"column":4}},"line":74},"2":{"name":"(anonymous_2)","decl":{"start":{"line":79,"column":9},"end":{"line":79,"column":15}},"loc":{"start":{"line":79,"column":15},"end":{"line":81,"column":null}},"line":79},"3":{"name":"(anonymous_3)","decl":{"start":{"line":88,"column":28},"end":{"line":88,"column":37}},"loc":{"start":{"line":88,"column":37},"end":{"line":92,"column":null}},"line":88}},"branchMap":{"0":{"loc":{"start":{"line":73,"column":46},"end":{"line":73,"column":61}},"type":"default-arg","locations":[{"start":{"line":73,"column":57},"end":{"line":73,"column":61}}],"line":73},"1":{"loc":{"start":{"line":75,"column":23},"end":{"line":75,"column":null}},"type":"cond-expr","locations":[{"start":{"line":75,"column":32},"end":{"line":75,"column":43}},{"start":{"line":75,"column":43},"end":{"line":75,"column":null}}],"line":75},"2":{"loc":{"start":{"line":84,"column":1},"end":{"line":86,"column":null}},"type":"if","locations":[{"start":{"line":84,"column":1},"end":{"line":86,"column":null}},{"start":{},"end":{}}],"line":84},"3":{"loc":{"start":{"line":89,"column":2},"end":{"line":91,"column":null}},"type":"if","locations":[{"start":{"line":89,"column":2},"end":{"line":91,"column":null}},{"start":{},"end":{}}],"line":89}},"s":{"0":4,"1":4,"2":4,"3":4,"4":4,"5":47,"6":19,"7":19,"8":19,"9":19,"10":47,"11":24,"12":23,"13":2,"14":0,"15":23,"16":4},"f":{"0":47,"1":19,"2":19,"3":2},"b":{"0":[47],"1":[8,11],"2":[24,23],"3":[0,2]},"meta":{"lastBranch":4,"lastFunction":4,"lastStatement":17,"seen":{"s:8:16:8:Infinity":0,"s:22:14:23:Infinity":1,"s:34:15:43:Infinity":2,"s:49:20:57:Infinity":3,"s:67:16:67:Infinity":4,"f:73:9:73:21":0,"b:73:57:73:61":0,"s:74:1:82:Infinity":5,"f:74:11:74:17":1,"s:75:23:75:Infinity":6,"b:75:32:75:43:75:43:75:Infinity":1,"s:76:2:76:Infinity":7,"s:79:2:81:Infinity":8,"f:79:9:79:15":2,"s:80:3:80:Infinity":9,"b:84:1:86:Infinity:undefined:undefined:undefined:undefined":2,"s:84:1:86:Infinity":10,"s:85:2:85:Infinity":11,"s:88:28:92:Infinity":12,"f:88:28:88:37":3,"b:89:2:91:Infinity:undefined:undefined:undefined:undefined":3,"s:89:2:91:Infinity":13,"s:90:3:90:Infinity":14,"s:94:1:112:Infinity":15,"s:116:0:121:Infinity":16}}}
,"/home/runner/work/genshin-farming-helper/genshin-farming-helper/src/components/organisms/preset-modal.jsx": {"path":"/home/runner/work/genshin-farming-helper/genshin-farming-helper/src/components/organisms/preset-modal.jsx","statementMap":{"0":{"start":{"line":9,"column":13},"end":{"line":13,"column":null}},"1":{"start":{"line":16,"column":31},"end":{"line":16,"column":null}},"2":{"start":{"line":18,"column":26},"end":{"line":36,"column":null}},"3":{"start":{"line":19,"column":2},"end":{"line":35,"column":null}},"4":{"start":{"line":21,"column":4},"end":{"line":21,"column":null}},"5":{"start":{"line":25,"column":4},"end":{"line":25,"column":null}},"6":{"start":{"line":29,"column":4},"end":{"line":29,"column":null}},"7":{"start":{"line":33,"column":4},"end":{"line":33,"column":null}},"8":{"start":{"line":38,"column":41},"end":{"line":38,"column":null}},"9":{"start":{"line":40,"column":1},"end":{"line":54,"column":null}},"10":{"start":{"line":58,"column":0},"end":{"line":63,"column":null}}},"fnMap":{"0":{"name":"PresetModal","decl":{"start":{"line":15,"column":9},"end":{"line":15,"column":21}},"loc":{"start":{"line":15,"column":71},"end":{"line":56,"column":null}},"line":15},"1":{"name":"(anonymous_1)","decl":{"start":{"line":18,"column":26},"end":{"line":18,"column":32}},"loc":{"start":{"line":18,"column":32},"end":{"line":36,"column":null}},"line":18}},"branchMap":{"0":{"loc":{"start":{"line":19,"column":2},"end":{"line":35,"column":null}},"type":"switch","locations":[{"start":{"line":20,"column":3},"end":{"line":22,"column":null}},{"start":{"line":24,"column":3},"end":{"line":26,"column":null}},{"start":{"line":28,"column":3},"end":{"line":30,"column":null}},{"start":{"line":32,"column":3},"end":{"line":34,"column":null}}],"line":19}},"s":{"0":4,"1":47,"2":47,"3":47,"4":42,"5":2,"6":3,"7":0,"8":47,"9":47,"10":4},"f":{"0":47,"1":47},"b":{"0":[42,2,3,0]},"meta":{"lastBranch":1,"lastFunction":2,"lastStatement":11,"seen":{"s:9:13:13:Infinity":0,"f:15:9:15:21":0,"s:16:31:16:Infinity":1,"s:18:26:36:Infinity":2,"f:18:26:18:32":1,"b:20:3:22:Infinity:24:3:26:Infinity:28:3:30:Infinity:32:3:34:Infinity":0,"s:19:2:35:Infinity":3,"s:21:4:21:Infinity":4,"s:25:4:25:Infinity":5,"s:29:4:29:Infinity":6,"s:33:4:33:Infinity":7,"s:38:41:38:Infinity":8,"s:40:1:54:Infinity":9,"s:58:0:63:Infinity":10}}}
,"/home/runner/work/genshin-farming-helper/genshin-farming-helper/src/components/pages/main.jsx": {"path":"/home/runner/work/genshin-farming-helper/genshin-farming-helper/src/components/pages/main.jsx","statementMap":{"0":{"start":{"line":17,"column":21},"end":{"line":84,"column":null}},"1":{"start":{"line":98,"column":14},"end":{"line":98,"column":null}},"2":{"start":{"line":112,"column":20},"end":{"line":112,"column":null}},"3":{"start":{"line":117,"column":17},"end":{"line":117,"column":null}},"4":{"start":{"line":123,"column":23},"end":{"line":123,"column":null}},"5":{"start":{"line":127,"column":25},"end":{"line":127,"column":null}},"6":{"start":{"line":131,"column":19},"end":{"line":136,"column":null}},"7":{"start":{"line":141,"column":12},"end":{"line":141,"column":null}},"8":{"start":{"line":171,"column":13},"end":{"line":171,"column":null}},"9":{"start":{"line":172,"column":18},"end":{"line":172,"column":null}},"10":{"start":{"line":176,"column":22},"end":{"line":176,"column":null}},"11":{"start":{"line":177,"column":22},"end":{"line":177,"column":null}},"12":{"start":{"line":178,"column":1},"end":{"line":185,"column":null}},"13":{"start":{"line":180,"column":2},"end":{"line":184,"column":null}},"14":{"start":{"line":180,"column":65},"end":{"line":184,"column":4}},"15":{"start":{"line":188,"column":1},"end":{"line":188,"column":null}},"16":{"start":{"line":189,"column":1},"end":{"line":189,"column":null}},"17":{"start":{"line":193,"column":41},"end":{"line":193,"column":null}},"18":{"start":{"line":193,"column":60},"end":{"line":193,"column":86}},"19":{"start":{"line":194,"column":39},"end":{"line":194,"column":null}},"20":{"start":{"line":195,"column":35},"end":{"line":195,"column":null}},"21":{"start":{"line":196,"column":33},"end":{"line":196,"column":null}},"22":{"start":{"line":197,"column":45},"end":{"line":197,"column":null}},"23":{"start":{"line":198,"column":47},"end":{"line":198,"column":null}},"24":{"start":{"line":200,"column":18},"end":{"line":206,"column":null}},"25":{"start":{"line":201,"column":23},"end":{"line":201,"column":null}},"26":{"start":{"line":202,"column":23},"end":{"line":202,"column":null}},"27":{"start":{"line":203,"column":2},"end":{"line":203,"column":null}},"28":{"start":{"line":204,"column":2},"end":{"line":204,"column":null}},"29":{"start":{"line":205,"column":2},"end":{"line":205,"column":null}},"30":{"start":{"line":205,"column":39},"end":{"line":205,"column":113}},"31":{"start":{"line":205,"column":80},"end":{"line":205,"column":112}},"32":{"start":{"line":209,"column":24},"end":{"line":224,"column":null}},"33":{"start":{"line":211,"column":18},"end":{"line":211,"column":null}},"34":{"start":{"line":212,"column":14},"end":{"line":212,"column":null}},"35":{"start":{"line":214,"column":2},"end":{"line":222,"column":null}},"36":{"start":{"line":248,"column":7},"end":{"line":283,"column":null}},"37":{"start":{"line":249,"column":37},"end":{"line":249,"column":null}},"38":{"start":{"line":251,"column":23},"end":{"line":251,"column":null}},"39":{"start":{"line":252,"column":23},"end":{"line":252,"column":null}},"40":{"start":{"line":255,"column":2},"end":{"line":257,"column":null}},"41":{"start":{"line":256,"column":3},"end":{"line":256,"column":null}},"42":{"start":{"line":260,"column":24},"end":{"line":273,"column":null}},"43":{"start":{"line":275,"column":21},"end":{"line":275,"column":null}},"44":{"start":{"line":276,"column":2},"end":{"line":276,"column":null}},"45":{"start":{"line":278,"column":2},"end":{"line":282,"column":null}},"46":{"start":{"line":279,"column":3},"end":{"line":282,"column":4}},"47":{"start":{"line":285,"column":18},"end":{"line":290,"column":null}},"48":{"start":{"line":286,"column":19},"end":{"line":286,"column":null}},"49":{"start":{"line":287,"column":19},"end":{"line":287,"column":null}},"50":{"start":{"line":288,"column":17},"end":{"line":288,"column":null}},"51":{"start":{"line":289,"column":2},"end":{"line":289,"column":null}},"52":{"start":{"line":293,"column":29},"end":{"line":303,"column":null}},"53":{"start":{"line":293,"column":35},"end":{"line":303,"column":null}},"54":{"start":{"line":306,"column":22},"end":{"line":306,"column":null}},"55":{"start":{"line":306,"column":36},"end":{"line":306,"column":null}},"56":{"start":{"line":306,"column":68},"end":{"line":306,"column":87}},"57":{"start":{"line":309,"column":30},"end":{"line":353,"column":null}},"58":{"start":{"line":310,"column":19},"end":{"line":310,"column":null}},"59":{"start":{"line":311,"column":2},"end":{"line":313,"column":null}},"60":{"start":{"line":312,"column":3},"end":{"line":312,"column":null}},"61":{"start":{"line":316,"column":2},"end":{"line":318,"column":null}},"62":{"start":{"line":317,"column":3},"end":{"line":317,"column":null}},"63":{"start":{"line":320,"column":2},"end":{"line":322,"column":null}},"64":{"start":{"line":321,"column":3},"end":{"line":321,"column":null}},"65":{"start":{"line":324,"column":2},"end":{"line":326,"column":null}},"66":{"start":{"line":325,"column":3},"end":{"line":325,"column":null}},"67":{"start":{"line":328,"column":2},"end":{"line":330,"column":null}},"68":{"start":{"line":329,"column":3},"end":{"line":329,"column":null}},"69":{"start":{"line":332,"column":2},"end":{"line":334,"column":null}},"70":{"start":{"line":333,"column":3},"end":{"line":333,"column":null}},"71":{"start":{"line":336,"column":2},"end":{"line":338,"column":null}},"72":{"start":{"line":337,"column":3},"end":{"line":337,"column":null}},"73":{"start":{"line":340,"column":2},"end":{"line":342,"column":null}},"74":{"start":{"line":341,"column":3},"end":{"line":341,"column":null}},"75":{"start":{"line":344,"column":2},"end":{"line":346,"column":null}},"76":{"start":{"line":345,"column":3},"end":{"line":345,"column":null}},"77":{"start":{"line":348,"column":2},"end":{"line":350,"column":null}},"78":{"start":{"line":349,"column":3},"end":{"line":349,"column":null}},"79":{"start":{"line":352,"column":2},"end":{"line":352,"column":null}},"80":{"start":{"line":356,"column":26},"end":{"line":424,"column":null}},"81":{"start":{"line":357,"column":18},"end":{"line":357,"column":null}},"82":{"start":{"line":359,"column":2},"end":{"line":374,"column":null}},"83":{"start":{"line":360,"column":20},"end":{"line":360,"column":null}},"84":{"start":{"line":361,"column":3},"end":{"line":363,"column":null}},"85":{"start":{"line":362,"column":4},"end":{"line":362,"column":null}},"86":{"start":{"line":365,"column":22},"end":{"line":365,"column":null}},"87":{"start":{"line":367,"column":20},"end":{"line":367,"column":null}},"88":{"start":{"line":368,"column":3},"end":{"line":368,"column":null}},"89":{"start":{"line":370,"column":3},"end":{"line":373,"column":null}},"90":{"start":{"line":377,"column":20},"end":{"line":377,"column":null}},"91":{"start":{"line":378,"column":2},"end":{"line":421,"column":null}},"92":{"start":{"line":380,"column":26},"end":{"line":380,"column":null}},"93":{"start":{"line":380,"column":52},"end":{"line":380,"column":63}},"94":{"start":{"line":381,"column":32},"end":{"line":381,"column":null}},"95":{"start":{"line":383,"column":3},"end":{"line":420,"column":null}},"96":{"start":{"line":385,"column":4},"end":{"line":385,"column":null}},"97":{"start":{"line":385,"column":25},"end":{"line":385,"column":44}},"98":{"start":{"line":387,"column":24},"end":{"line":387,"column":null}},"99":{"start":{"line":388,"column":23},"end":{"line":388,"column":null}},"100":{"start":{"line":389,"column":21},"end":{"line":389,"column":null}},"101":{"start":{"line":391,"column":4},"end":{"line":393,"column":null}},"102":{"start":{"line":392,"column":5},"end":{"line":392,"column":null}},"103":{"start":{"line":395,"column":4},"end":{"line":402,"column":null}},"104":{"start":{"line":398,"column":40},"end":{"line":401,"column":7}},"105":{"start":{"line":405,"column":4},"end":{"line":419,"column":null}},"106":{"start":{"line":406,"column":22},"end":{"line":406,"column":null}},"107":{"start":{"line":407,"column":5},"end":{"line":409,"column":null}},"108":{"start":{"line":408,"column":6},"end":{"line":408,"column":null}},"109":{"start":{"line":411,"column":5},"end":{"line":418,"column":null}},"110":{"start":{"line":423,"column":2},"end":{"line":423,"column":null}},"111":{"start":{"line":427,"column":7},"end":{"line":438,"column":null}},"112":{"start":{"line":428,"column":21},"end":{"line":428,"column":null}},"113":{"start":{"line":429,"column":2},"end":{"line":435,"column":null}},"114":{"start":{"line":430,"column":3},"end":{"line":434,"column":null}},"115":{"start":{"line":437,"column":2},"end":{"line":437,"column":null}},"116":{"start":{"line":441,"column":7},"end":{"line":451,"column":null}},"117":{"start":{"line":442,"column":2},"end":{"line":444,"column":null}},"118":{"start":{"line":443,"column":3},"end":{"line":443,"column":null}},"119":{"start":{"line":443,"column":39},"end":{"line":443,"column":50}},"120":{"start":{"line":446,"column":2},"end":{"line":448,"column":null}},"121":{"start":{"line":447,"column":3},"end":{"line":447,"column":null}},"122":{"start":{"line":447,"column":36},"end":{"line":447,"column":47}},"123":{"start":{"line":450,"column":2},"end":{"line":450,"column":null}},"124":{"start":{"line":450,"column":39},"end":{"line":450,"column":50}},"125":{"start":{"line":454,"column":39},"end":{"line":502,"column":null}},"126":{"start":{"line":455,"column":27},"end":{"line":455,"column":null}},"127":{"start":{"line":458,"column":2},"end":{"line":460,"column":null}},"128":{"start":{"line":459,"column":3},"end":{"line":459,"column":null}},"129":{"start":{"line":464,"column":19},"end":{"line":464,"column":null}},"130":{"start":{"line":465,"column":2},"end":{"line":467,"column":null}},"131":{"start":{"line":466,"column":3},"end":{"line":466,"column":null}},"132":{"start":{"line":469,"column":21},"end":{"line":469,"column":null}},"133":{"start":{"line":470,"column":23},"end":{"line":470,"column":null}},"134":{"start":{"line":471,"column":28},"end":{"line":471,"column":null}},"135":{"start":{"line":471,"column":53},"end":{"line":471,"column":76}},"136":{"start":{"line":474,"column":2},"end":{"line":474,"column":null}},"137":{"start":{"line":474,"column":35},"end":{"line":474,"column":46}},"138":{"start":{"line":479,"column":14},"end":{"line":479,"column":null}},"139":{"start":{"line":479,"column":41},"end":{"line":479,"column":45}},"140":{"start":{"line":480,"column":22},"end":{"line":480,"column":null}},"141":{"start":{"line":481,"column":2},"end":{"line":486,"column":null}},"142":{"start":{"line":481,"column":15},"end":{"line":481,"column":18}},"143":{"start":{"line":482,"column":3},"end":{"line":485,"column":null}},"144":{"start":{"line":483,"column":4},"end":{"line":483,"column":null}},"145":{"start":{"line":484,"column":4},"end":{"line":484,"column":null}},"146":{"start":{"line":489,"column":2},"end":{"line":491,"column":null}},"147":{"start":{"line":490,"column":3},"end":{"line":490,"column":null}},"148":{"start":{"line":494,"column":2},"end":{"line":499,"column":null}},"149":{"start":{"line":495,"column":18},"end":{"line":495,"column":null}},"150":{"start":{"line":496,"column":3},"end":{"line":498,"column":null}},"151":{"start":{"line":497,"column":4},"end":{"line":497,"column":null}},"152":{"start":{"line":501,"column":2},"end":{"line":501,"column":null}},"153":{"start":{"line":504,"column":7},"end":{"line":634,"column":null}},"154":{"start":{"line":505,"column":18},"end":{"line":505,"column":null}},"155":{"start":{"line":506,"column":33},"end":{"line":506,"column":null}},"156":{"start":{"line":507,"column":19},"end":{"line":507,"column":null}},"157":{"start":{"line":509,"column":17},"end":{"line":509,"column":null}},"158":{"start":{"line":510,"column":2},"end":{"line":512,"column":null}},"159":{"start":{"line":511,"column":3},"end":{"line":511,"column":null}},"160":{"start":{"line":514,"column":23},"end":{"line":514,"column":null}},"161":{"start":{"line":515,"column":23},"end":{"line":515,"column":null}},"162":{"start":{"line":518,"column":23},"end":{"line":518,"column":null}},"163":{"start":{"line":518,"column":48},"end":{"line":518,"column":59}},"164":{"start":{"line":523,"column":2},"end":{"line":532,"column":null}},"165":{"start":{"line":525,"column":17},"end":{"line":525,"column":null}},"166":{"start":{"line":526,"column":3},"end":{"line":526,"column":null}},"167":{"start":{"line":527,"column":3},"end":{"line":527,"column":null}},"168":{"start":{"line":530,"column":3},"end":{"line":530,"column":null}},"169":{"start":{"line":531,"column":3},"end":{"line":531,"column":null}},"170":{"start":{"line":535,"column":2},"end":{"line":535,"column":null}},"171":{"start":{"line":536,"column":2},"end":{"line":536,"column":null}},"172":{"start":{"line":539,"column":2},"end":{"line":633,"column":null}},"173":{"start":{"line":541,"column":24},"end":{"line":541,"column":null}},"174":{"start":{"line":544,"column":3},"end":{"line":590,"column":null}},"175":{"start":{"line":545,"column":19},"end":{"line":545,"column":null}},"176":{"start":{"line":546,"column":30},"end":{"line":546,"column":null}},"177":{"start":{"line":549,"column":25},"end":{"line":549,"column":null}},"178":{"start":{"line":550,"column":25},"end":{"line":550,"column":null}},"179":{"start":{"line":551,"column":21},"end":{"line":551,"column":null}},"180":{"start":{"line":553,"column":4},"end":{"line":589,"column":null}},"181":{"start":{"line":555,"column":24},"end":{"line":555,"column":null}},"182":{"start":{"line":556,"column":27},"end":{"line":556,"column":null}},"183":{"start":{"line":558,"column":5},"end":{"line":562,"column":null}},"184":{"start":{"line":559,"column":26},"end":{"line":559,"column":null}},"185":{"start":{"line":560,"column":22},"end":{"line":560,"column":null}},"186":{"start":{"line":561,"column":6},"end":{"line":561,"column":null}},"187":{"start":{"line":565,"column":24},"end":{"line":565,"column":null}},"188":{"start":{"line":566,"column":5},"end":{"line":566,"column":null}},"189":{"start":{"line":569,"column":21},"end":{"line":569,"column":null}},"190":{"start":{"line":570,"column":5},"end":{"line":570,"column":null}},"191":{"start":{"line":573,"column":20},"end":{"line":586,"column":null}},"192":{"start":{"line":576,"column":36},"end":{"line":576,"column":53}},"193":{"start":{"line":578,"column":35},"end":{"line":578,"column":52}},"194":{"start":{"line":581,"column":37},"end":{"line":581,"column":54}},"195":{"start":{"line":584,"column":35},"end":{"line":584,"column":52}},"196":{"start":{"line":588,"column":5},"end":{"line":588,"column":null}},"197":{"start":{"line":593,"column":24},"end":{"line":593,"column":null}},"198":{"start":{"line":595,"column":3},"end":{"line":632,"column":null}},"199":{"start":{"line":596,"column":25},"end":{"line":596,"column":null}},"200":{"start":{"line":597,"column":25},"end":{"line":597,"column":null}},"201":{"start":{"line":598,"column":21},"end":{"line":598,"column":null}},"202":{"start":{"line":600,"column":4},"end":{"line":631,"column":null}},"203":{"start":{"line":601,"column":24},"end":{"line":601,"column":null}},"204":{"start":{"line":602,"column":27},"end":{"line":602,"column":null}},"205":{"start":{"line":604,"column":5},"end":{"line":608,"column":null}},"206":{"start":{"line":605,"column":26},"end":{"line":605,"column":null}},"207":{"start":{"line":606,"column":22},"end":{"line":606,"column":null}},"208":{"start":{"line":607,"column":6},"end":{"line":607,"column":null}},"209":{"start":{"line":611,"column":25},"end":{"line":612,"column":null}},"210":{"start":{"line":613,"column":24},"end":{"line":614,"column":null}},"211":{"start":{"line":616,"column":5},"end":{"line":630,"column":null}},"212":{"start":{"line":618,"column":6},"end":{"line":618,"column":null}},"213":{"start":{"line":619,"column":6},"end":{"line":619,"column":null}},"214":{"start":{"line":620,"column":6},"end":{"line":621,"column":null}},"215":{"start":{"line":621,"column":7},"end":{"line":621,"column":64}},"216":{"start":{"line":621,"column":35},"end":{"line":621,"column":63}},"217":{"start":{"line":624,"column":25},"end":{"line":624,"column":null}},"218":{"start":{"line":625,"column":6},"end":{"line":625,"column":null}},"219":{"start":{"line":628,"column":22},"end":{"line":628,"column":null}},"220":{"start":{"line":629,"column":6},"end":{"line":629,"column":null}},"221":{"start":{"line":636,"column":1},"end":{"line":655,"column":null}},"222":{"start":{"line":637,"column":2},"end":{"line":654,"column":null}},"223":{"start":{"line":638,"column":3},"end":{"line":638,"column":null}},"224":{"start":{"line":639,"column":24},"end":{"line":639,"column":null}},"225":{"start":{"line":640,"column":24},"end":{"line":640,"column":null}},"226":{"start":{"line":641,"column":24},"end":{"line":641,"column":null}},"227":{"start":{"line":643,"column":3},"end":{"line":650,"column":null}},"228":{"start":{"line":645,"column":23},"end":{"line":645,"column":null}},"229":{"start":{"line":646,"column":4},"end":{"line":646,"column":null}},"230":{"start":{"line":649,"column":4},"end":{"line":649,"column":null}},"231":{"start":{"line":653,"column":3},"end":{"line":653,"column":null}},"232":{"start":{"line":657,"column":1},"end":{"line":671,"column":null}},"233":{"start":{"line":658,"column":29},"end":{"line":662,"column":null}},"234":{"start":{"line":659,"column":3},"end":{"line":659,"column":null}},"235":{"start":{"line":660,"column":24},"end":{"line":660,"column":null}},"236":{"start":{"line":661,"column":3},"end":{"line":661,"column":null}},"237":{"start":{"line":665,"column":2},"end":{"line":665,"column":null}},"238":{"start":{"line":667,"column":2},"end":{"line":670,"column":null}},"239":{"start":{"line":669,"column":3},"end":{"line":669,"column":null}},"240":{"start":{"line":673,"column":24},"end":{"line":673,"column":null}},"241":{"start":{"line":675,"column":24},"end":{"line":683,"column":null}},"242":{"start":{"line":676,"column":2},"end":{"line":682,"column":null}},"243":{"start":{"line":677,"column":36},"end":{"line":677,"column":null}},"244":{"start":{"line":678,"column":3},"end":{"line":678,"column":null}},"245":{"start":{"line":680,"column":37},"end":{"line":680,"column":null}},"246":{"start":{"line":681,"column":3},"end":{"line":681,"column":null}},"247":{"start":{"line":685,"column":26},"end":{"line":687,"column":null}},"248":{"start":{"line":686,"column":2},"end":{"line":686,"column":null}},"249":{"start":{"line":689,"column":18},"end":{"line":689,"column":null}},"250":{"start":{"line":691,"column":27},"end":{"line":693,"column":null}},"251":{"start":{"line":692,"column":2},"end":{"line":692,"column":null}},"252":{"start":{"line":695,"column":22},"end":{"line":726,"column":null}},"253":{"start":{"line":696,"column":19},"end":{"line":696,"column":null}},"254":{"start":{"line":697,"column":19},"end":{"line":697,"column":null}},"255":{"start":{"line":699,"column":2},"end":{"line":701,"column":null}},"256":{"start":{"line":700,"column":3},"end":{"line":700,"column":null}},"257":{"start":{"line":704,"column":21},"end":{"line":704,"column":null}},"258":{"start":{"line":705,"column":23},"end":{"line":705,"column":null}},"259":{"start":{"line":706,"column":28},"end":{"line":706,"column":null}},"260":{"start":{"line":706,"column":53},"end":{"line":706,"column":76}},"261":{"start":{"line":709,"column":2},"end":{"line":709,"column":null}},"262":{"start":{"line":709,"column":35},"end":{"line":709,"column":46}},"263":{"start":{"line":710,"column":14},"end":{"line":710,"column":null}},"264":{"start":{"line":710,"column":41},"end":{"line":710,"column":45}},"265":{"start":{"line":711,"column":22},"end":{"line":711,"column":null}},"266":{"start":{"line":712,"column":2},"end":{"line":717,"column":null}},"267":{"start":{"line":712,"column":15},"end":{"line":712,"column":18}},"268":{"start":{"line":713,"column":3},"end":{"line":716,"column":null}},"269":{"start":{"line":714,"column":4},"end":{"line":714,"column":null}},"270":{"start":{"line":715,"column":4},"end":{"line":715,"column":null}},"271":{"start":{"line":720,"column":2},"end":{"line":722,"column":null}},"272":{"start":{"line":721,"column":3},"end":{"line":721,"column":null}},"273":{"start":{"line":721,"column":37},"end":{"line":721,"column":49}},"274":{"start":{"line":725,"column":2},"end":{"line":725,"column":null}},"275":{"start":{"line":730,"column":3},"end":{"line":734,"column":null}},"276":{"start":{"line":738,"column":2},"end":{"line":746,"column":null}},"277":{"start":{"line":749,"column":1},"end":{"line":796,"column":null}},"278":{"start":{"line":777,"column":55},"end":{"line":777,"column":89}},"279":{"start":{"line":786,"column":19},"end":{"line":786,"column":null}},"280":{"start":{"line":793,"column":19},"end":{"line":793,"column":null}}},"fnMap":{"0":{"name":"createInitialFarmHelpers","decl":{"start":{"line":175,"column":9},"end":{"line":175,"column":36}},"loc":{"start":{"line":175,"column":36},"end":{"line":190,"column":null}},"line":175},"1":{"name":"(anonymous_1)","decl":{"start":{"line":180,"column":42},"end":{"line":180,"column":43}},"loc":{"start":{"line":180,"column":65},"end":{"line":184,"column":4}},"line":180},"2":{"name":"Main","decl":{"start":{"line":192,"column":24},"end":{"line":192,"column":31}},"loc":{"start":{"line":192,"column":31},"end":{"line":798,"column":null}},"line":192},"3":{"name":"(anonymous_3)","decl":{"start":{"line":193,"column":54},"end":{"line":193,"column":60}},"loc":{"start":{"line":193,"column":60},"end":{"line":193,"column":86}},"line":193},"4":{"name":"(anonymous_4)","decl":{"start":{"line":200,"column":18},"end":{"line":200,"column":28}},"loc":{"start":{"line":200,"column":28},"end":{"line":206,"column":null}},"line":200},"5":{"name":"(anonymous_5)","decl":{"start":{"line":205,"column":20},"end":{"line":205,"column":39}},"loc":{"start":{"line":205,"column":39},"end":{"line":205,"column":113}},"line":205},"6":{"name":"(anonymous_6)","decl":{"start":{"line":205,"column":62},"end":{"line":205,"column":80}},"loc":{"start":{"line":205,"column":80},"end":{"line":205,"column":112}},"line":205},"7":{"name":"(anonymous_7)","decl":{"start":{"line":209,"column":43},"end":{"line":209,"column":44}},"loc":{"start":{"line":209,"column":75},"end":{"line":224,"column":2}},"line":209},"8":{"name":"(anonymous_8)","decl":{"start":{"line":248,"column":39},"end":{"line":248,"column":49}},"loc":{"start":{"line":248,"column":49},"end":{"line":283,"column":4}},"line":248},"9":{"name":"(anonymous_9)","decl":{"start":{"line":278,"column":20},"end":{"line":278,"column":null}},"loc":{"start":{"line":279,"column":3},"end":{"line":282,"column":4}},"line":279},"10":{"name":"(anonymous_10)","decl":{"start":{"line":285,"column":18},"end":{"line":285,"column":27}},"loc":{"start":{"line":285,"column":27},"end":{"line":290,"column":null}},"line":285},"11":{"name":"(anonymous_11)","decl":{"start":{"line":293,"column":29},"end":{"line":293,"column":35}},"loc":{"start":{"line":293,"column":35},"end":{"line":303,"column":null}},"line":293},"12":{"name":"(anonymous_12)","decl":{"start":{"line":306,"column":22},"end":{"line":306,"column":36}},"loc":{"start":{"line":306,"column":36},"end":{"line":306,"column":null}},"line":306},"13":{"name":"(anonymous_13)","decl":{"start":{"line":306,"column":63},"end":{"line":306,"column":68}},"loc":{"start":{"line":306,"column":68},"end":{"line":306,"column":87}},"line":306},"14":{"name":"(anonymous_14)","decl":{"start":{"line":309,"column":30},"end":{"line":309,"column":44}},"loc":{"start":{"line":309,"column":44},"end":{"line":353,"column":null}},"line":309},"15":{"name":"(anonymous_15)","decl":{"start":{"line":356,"column":26},"end":{"line":356,"column":41}},"loc":{"start":{"line":356,"column":41},"end":{"line":424,"column":null}},"line":356},"16":{"name":"(anonymous_16)","decl":{"start":{"line":380,"column":44},"end":{"line":380,"column":52}},"loc":{"start":{"line":380,"column":52},"end":{"line":380,"column":63}},"line":380},"17":{"name":"(anonymous_17)","decl":{"start":{"line":385,"column":15},"end":{"line":385,"column":16}},"loc":{"start":{"line":385,"column":25},"end":{"line":385,"column":44}},"line":385},"18":{"name":"(anonymous_18)","decl":{"start":{"line":398,"column":22},"end":{"line":398,"column":23}},"loc":{"start":{"line":398,"column":40},"end":{"line":401,"column":7}},"line":398},"19":{"name":"(anonymous_19)","decl":{"start":{"line":427,"column":39},"end":{"line":427,"column":55}},"loc":{"start":{"line":427,"column":55},"end":{"line":438,"column":4}},"line":427},"20":{"name":"(anonymous_20)","decl":{"start":{"line":441,"column":32},"end":{"line":441,"column":33}},"loc":{"start":{"line":441,"column":46},"end":{"line":451,"column":4}},"line":441},"21":{"name":"(anonymous_21)","decl":{"start":{"line":443,"column":34},"end":{"line":443,"column":39}},"loc":{"start":{"line":443,"column":39},"end":{"line":443,"column":50}},"line":443},"22":{"name":"(anonymous_22)","decl":{"start":{"line":447,"column":31},"end":{"line":447,"column":36}},"loc":{"start":{"line":447,"column":36},"end":{"line":447,"column":47}},"line":447},"23":{"name":"(anonymous_23)","decl":{"start":{"line":450,"column":34},"end":{"line":450,"column":39}},"loc":{"start":{"line":450,"column":39},"end":{"line":450,"column":50}},"line":450},"24":{"name":"(anonymous_24)","decl":{"start":{"line":454,"column":39},"end":{"line":454,"column":40}},"loc":{"start":{"line":454,"column":69},"end":{"line":502,"column":null}},"line":454},"25":{"name":"(anonymous_25)","decl":{"start":{"line":471,"column":48},"end":{"line":471,"column":53}},"loc":{"start":{"line":471,"column":53},"end":{"line":471,"column":76}},"line":471},"26":{"name":"(anonymous_26)","decl":{"start":{"line":474,"column":25},"end":{"line":474,"column":26}},"loc":{"start":{"line":474,"column":35},"end":{"line":474,"column":46}},"line":474},"27":{"name":"(anonymous_27)","decl":{"start":{"line":479,"column":36},"end":{"line":479,"column":41}},"loc":{"start":{"line":479,"column":41},"end":{"line":479,"column":45}},"line":479},"28":{"name":"(anonymous_28)","decl":{"start":{"line":504,"column":36},"end":{"line":504,"column":45}},"loc":{"start":{"line":504,"column":45},"end":{"line":634,"column":4}},"line":504},"29":{"name":"(anonymous_29)","decl":{"start":{"line":518,"column":43},"end":{"line":518,"column":48}},"loc":{"start":{"line":518,"column":48},"end":{"line":518,"column":59}},"line":518},"30":{"name":"(anonymous_30)","decl":{"start":{"line":576,"column":31},"end":{"line":576,"column":36}},"loc":{"start":{"line":576,"column":36},"end":{"line":576,"column":53}},"line":576},"31":{"name":"(anonymous_31)","decl":{"start":{"line":578,"column":30},"end":{"line":578,"column":35}},"loc":{"start":{"line":578,"column":35},"end":{"line":578,"column":52}},"line":578},"32":{"name":"(anonymous_32)","decl":{"start":{"line":581,"column":32},"end":{"line":581,"column":37}},"loc":{"start":{"line":581,"column":37},"end":{"line":581,"column":54}},"line":581},"33":{"name":"(anonymous_33)","decl":{"start":{"line":584,"column":30},"end":{"line":584,"column":35}},"loc":{"start":{"line":584,"column":35},"end":{"line":584,"column":52}},"line":584},"34":{"name":"(anonymous_34)","decl":{"start":{"line":620,"column":24},"end":{"line":620,"column":null}},"loc":{"start":{"line":621,"column":7},"end":{"line":621,"column":64}},"line":621},"35":{"name":"(anonymous_35)","decl":{"start":{"line":621,"column":30},"end":{"line":621,"column":35}},"loc":{"start":{"line":621,"column":35},"end":{"line":621,"column":63}},"line":621},"36":{"name":"(anonymous_36)","decl":{"start":{"line":636,"column":11},"end":{"line":636,"column":17}},"loc":{"start":{"line":636,"column":17},"end":{"line":655,"column":4}},"line":636},"37":{"name":"(anonymous_37)","decl":{"start":{"line":657,"column":11},"end":{"line":657,"column":17}},"loc":{"start":{"line":657,"column":17},"end":{"line":671,"column":4}},"line":657},"38":{"name":"(anonymous_38)","decl":{"start":{"line":658,"column":29},"end":{"line":658,"column":35}},"loc":{"start":{"line":658,"column":35},"end":{"line":662,"column":null}},"line":658},"39":{"name":"(anonymous_39)","decl":{"start":{"line":667,"column":9},"end":{"line":667,"column":15}},"loc":{"start":{"line":667,"column":15},"end":{"line":670,"column":null}},"line":667},"40":{"name":"(anonymous_40)","decl":{"start":{"line":675,"column":24},"end":{"line":675,"column":36}},"loc":{"start":{"line":675,"column":36},"end":{"line":683,"column":null}},"line":675},"41":{"name":"(anonymous_41)","decl":{"start":{"line":685,"column":26},"end":{"line":685,"column":32}},"loc":{"start":{"line":685,"column":32},"end":{"line":687,"column":null}},"line":685},"42":{"name":"(anonymous_42)","decl":{"start":{"line":691,"column":27},"end":{"line":691,"column":33}},"loc":{"start":{"line":691,"column":33},"end":{"line":693,"column":null}},"line":691},"43":{"name":"(anonymous_43)","decl":{"start":{"line":695,"column":45},"end":{"line":695,"column":53}},"loc":{"start":{"line":695,"column":53},"end":{"line":726,"column":2}},"line":695},"44":{"name":"(anonymous_44)","decl":{"start":{"line":706,"column":48},"end":{"line":706,"column":53}},"loc":{"start":{"line":706,"column":53},"end":{"line":706,"column":76}},"line":706},"45":{"name":"(anonymous_45)","decl":{"start":{"line":709,"column":25},"end":{"line":709,"column":26}},"loc":{"start":{"line":709,"column":35},"end":{"line":709,"column":46}},"line":709},"46":{"name":"(anonymous_46)","decl":{"start":{"line":710,"column":36},"end":{"line":710,"column":41}},"loc":{"start":{"line":710,"column":41},"end":{"line":710,"column":45}},"line":710},"47":{"name":"(anonymous_47)","decl":{"start":{"line":721,"column":32},"end":{"line":721,"column":37}},"loc":{"start":{"line":721,"column":37},"end":{"line":721,"column":49}},"line":721},"48":{"name":"(anonymous_48)","decl":{"start":{"line":777,"column":41},"end":{"line":777,"column":42}},"loc":{"start":{"line":777,"column":55},"end":{"line":777,"column":89}},"line":777},"49":{"name":"(anonymous_49)","decl":{"start":{"line":786,"column":13},"end":{"line":786,"column":19}},"loc":{"start":{"line":786,"column":19},"end":{"line":786,"column":null}},"line":786},"50":{"name":"(anonymous_50)","decl":{"start":{"line":793,"column":13},"end":{"line":793,"column":19}},"loc":{"start":{"line":793,"column":19},"end":{"line":793,"column":null}},"line":793}},"branchMap":{"0":{"loc":{"start":{"line":178,"column":1},"end":{"line":185,"column":null}},"type":"if","locations":[{"start":{"line":178,"column":1},"end":{"line":185,"column":null}},{"start":{},"end":{}}],"line":178},"1":{"loc":{"start":{"line":178,"column":5},"end":{"line":178,"column":59}},"type":"binary-expr","locations":[{"start":{"line":178,"column":5},"end":{"line":178,"column":21}},{"start":{"line":178,"column":21},"end":{"line":178,"column":59}}],"line":178},"2":{"loc":{"start":{"line":202,"column":23},"end":{"line":202,"column":null}},"type":"binary-expr","locations":[{"start":{"line":202,"column":23},"end":{"line":202,"column":48}},{"start":{"line":202,"column":48},"end":{"line":202,"column":null}}],"line":202},"3":{"loc":{"start":{"line":211,"column":21},"end":{"line":211,"column":46}},"type":"binary-expr","locations":[{"start":{"line":211,"column":21},"end":{"line":211,"column":44}},{"start":{"line":211,"column":44},"end":{"line":211,"column":46}}],"line":211},"4":{"loc":{"start":{"line":211,"column":50},"end":{"line":211,"column":75}},"type":"binary-expr","locations":[{"start":{"line":211,"column":50},"end":{"line":211,"column":73}},{"start":{"line":211,"column":73},"end":{"line":211,"column":75}}],"line":211},"5":{"loc":{"start":{"line":211,"column":79},"end":{"line":211,"column":106}},"type":"binary-expr","locations":[{"start":{"line":211,"column":79},"end":{"line":211,"column":104}},{"start":{"line":211,"column":104},"end":{"line":211,"column":106}}],"line":211},"6":{"loc":{"start":{"line":211,"column":110},"end":{"line":211,"column":136}},"type":"binary-expr","locations":[{"start":{"line":211,"column":110},"end":{"line":211,"column":134}},{"start":{"line":211,"column":134},"end":{"line":211,"column":136}}],"line":211},"7":{"loc":{"start":{"line":252,"column":23},"end":{"line":252,"column":null}},"type":"binary-expr","locations":[{"start":{"line":252,"column":23},"end":{"line":252,"column":48}},{"start":{"line":252,"column":48},"end":{"line":252,"column":null}}],"line":252},"8":{"loc":{"start":{"line":255,"column":2},"end":{"line":257,"column":null}},"type":"if","locations":[{"start":{"line":255,"column":2},"end":{"line":257,"column":null}},{"start":{},"end":{}}],"line":255},"9":{"loc":{"start":{"line":260,"column":24},"end":{"line":273,"column":null}},"type":"binary-expr","locations":[{"start":{"line":260,"column":24},"end":{"line":260,"column":34}},{"start":{"line":260,"column":34},"end":{"line":273,"column":null}}],"line":260},"10":{"loc":{"start":{"line":311,"column":2},"end":{"line":313,"column":null}},"type":"if","locations":[{"start":{"line":311,"column":2},"end":{"line":313,"column":null}},{"start":{},"end":{}}],"line":311},"11":{"loc":{"start":{"line":316,"column":2},"end":{"line":318,"column":null}},"type":"if","locations":[{"start":{"line":316,"column":2},"end":{"line":318,"column":null}},{"start":{},"end":{}}],"line":316},"12":{"loc":{"start":{"line":320,"column":2},"end":{"line":322,"column":null}},"type":"if","locations":[{"start":{"line":320,"column":2},"end":{"line":322,"column":null}},{"start":{},"end":{}}],"line":320},"13":{"loc":{"start":{"line":324,"column":2},"end":{"line":326,"column":null}},"type":"if","locations":[{"start":{"line":324,"column":2},"end":{"line":326,"column":null}},{"start":{},"end":{}}],"line":324},"14":{"loc":{"start":{"line":328,"column":2},"end":{"line":330,"column":null}},"type":"if","locations":[{"start":{"line":328,"column":2},"end":{"line":330,"column":null}},{"start":{},"end":{}}],"line":328},"15":{"loc":{"start":{"line":332,"column":2},"end":{"line":334,"column":null}},"type":"if","locations":[{"start":{"line":332,"column":2},"end":{"line":334,"column":null}},{"start":{},"end":{}}],"line":332},"16":{"loc":{"start":{"line":336,"column":2},"end":{"line":338,"column":null}},"type":"if","locations":[{"start":{"line":336,"column":2},"end":{"line":338,"column":null}},{"start":{},"end":{}}],"line":336},"17":{"loc":{"start":{"line":340,"column":2},"end":{"line":342,"column":null}},"type":"if","locations":[{"start":{"line":340,"column":2},"end":{"line":342,"column":null}},{"start":{},"end":{}}],"line":340},"18":{"loc":{"start":{"line":344,"column":2},"end":{"line":346,"column":null}},"type":"if","locations":[{"start":{"line":344,"column":2},"end":{"line":346,"column":null}},{"start":{},"end":{}}],"line":344},"19":{"loc":{"start":{"line":348,"column":2},"end":{"line":350,"column":null}},"type":"if","locations":[{"start":{"line":348,"column":2},"end":{"line":350,"column":null}},{"start":{},"end":{}}],"line":348},"20":{"loc":{"start":{"line":361,"column":3},"end":{"line":363,"column":null}},"type":"if","locations":[{"start":{"line":361,"column":3},"end":{"line":363,"column":null}},{"start":{},"end":{}}],"line":361},"21":{"loc":{"start":{"line":383,"column":3},"end":{"line":420,"column":null}},"type":"if","locations":[{"start":{"line":383,"column":3},"end":{"line":420,"column":null}},{"start":{"line":403,"column":10},"end":{"line":420,"column":null}}],"line":383},"22":{"loc":{"start":{"line":391,"column":4},"end":{"line":393,"column":null}},"type":"if","locations":[{"start":{"line":391,"column":4},"end":{"line":393,"column":null}},{"start":{},"end":{}}],"
[...]
4:83:24:87:24:112":4,"s:26:25:36:1":24,"s:38:0:43:Infinity":25,"f:38:66:38:71":12,"b:40:1:42:Infinity:undefined:undefined:undefined:undefined":5,"s:40:1:42:Infinity":26,"s:41:2:41:Infinity":27,"s:45:28:45:114":28,"f:45:61:45:69":13,"s:45:73:45:113":29,"s:46:28:46:114":30,"f:46:61:46:69":14,"s:46:73:46:113":31,"s:47:40:47:138":32,"f:47:85:47:93":15,"s:47:97:47:137":33,"s:48:48:52:2":34,"f:48:101:48:109":16,"s:49:19:49:55":35,"s:50:21:50:59":36,"s:51:1:51:Infinity":37,"b:51:25:51:161:51:165:51:170":6,"b:51:43:51:154:51:157:51:161":7,"f:51:85:51:93":17,"s:51:97:51:153":38,"b:51:97:51:130:51:134:51:153":8,"s:54:29:64:1":39,"s:66:0:71:Infinity":40,"f:66:75:66:80":18,"b:68:1:70:Infinity:undefined:undefined:undefined:undefined":9,"s:68:1:70:Infinity":41,"s:69:2:69:Infinity":42,"s:74:27:97:1":43,"f:74:27:74:32":19,"s:75:15:75:17":44,"s:77:1:94:Infinity":45,"s:78:2:93:Infinity":46,"b:80:3:82:Infinity:undefined:undefined:undefined:undefined":10,"s:80:3:82:Infinity":47,"s:81:4:81:Infinity":48,"b:84:3:92:Infinity:86:10:92:Infinity":11,"s:84:3:92:Infinity":49,"s:85:4:85:Infinity":50,"s:87:4:91:Infinity":51,"s:96:1:96:Infinity":52,"s:99:24:186:1":53,"f:99:24:99:25":20,"s:100:17:104:2":54,"s:107:20:107:65":55,"s:108:1:125:Infinity":56,"b:109:2:111:Infinity:undefined:undefined:undefined:undefined":12,"s:109:2:111:Infinity":57,"s:110:3:110:Infinity":58,"s:113:16:113:51":59,"b:115:2:124:Infinity:undefined:undefined:undefined:undefined":13,"s:115:2:124:Infinity":60,"s:116:3:123:Infinity":61,"s:128:17:128:59":62,"s:129:1:146:Infinity":63,"b:130:2:132:Infinity:undefined:undefined:undefined:undefined":14,"s:130:2:132:Infinity":64,"s:131:3:131:Infinity":65,"s:134:16:134:48":66,"b:136:2:145:Infinity:undefined:undefined:undefined:undefined":15,"s:136:2:145:Infinity":67,"s:137:3:144:Infinity":68,"s:149:21:149:102":69,"s:150:17:150:96":70,"f:150:69:150:70":21,"s:150:74:150:95":71,"s:153:1:183:Infinity":72,"b:154:2:156:Infinity:undefined:undefined:undefined:undefined":16,"s:154:2:156:Infinity":73,"b:154:6:154:14:154:18:154:44":17,"s:155:3:155:Infinity":74,"s:158:19:158:21":75,"s:162:2:171:Infinity":76,"s:163:24:163:58":77,"f:163:37:163:38":22,"s:163:42:163:57":78,"b:164:3:170:Infinity:undefined:undefined:undefined:undefined":18,"s:164:3:170:Infinity":79,"s:165:4:169:Infinity":80,"s:173:16:173:39":81,"b:174:2:182:Infinity:undefined:undefined:undefined:undefined":19,"s:174:2:182:Infinity":82,"s:175:3:181:Infinity":83,"s:185:1:185:Infinity":84,"s:188:16:188:33":85,"s:189:0:194:Infinity":86,"f:189:67:189:72":23,"b:191:1:193:Infinity:undefined:undefined:undefined:undefined":20,"s:191:1:193:Infinity":87,"s:192:2:192:Infinity":88}}}
,"/home/runner/work/genshin-farming-helper/genshin-farming-helper/src/theme/index.js": {"path":"/home/runner/work/genshin-farming-helper/genshin-farming-helper/src/theme/index.js","statementMap":{"0":{"start":{"line":3,"column":16},"end":{"line":3,"column":25}},"1":{"start":{"line":5,"column":14},"end":{"line":14,"column":1}}},"fnMap":{},"branchMap":{},"s":{"0":6,"1":6},"f":{},"b":{},"meta":{"lastBranch":0,"lastFunction":0,"lastStatement":2,"seen":{"s:3:16:3:25":0,"s:5:14:14:1":1}}}
,"/home/runner/work/genshin-farming-helper/genshin-farming-helper/src/types/index.js": {"path":"/home/runner/work/genshin-farming-helper/genshin-farming-helper/src/types/index.js","statementMap":{"0":{"start":{"line":3,"column":29},"end":{"line":13,"column":1}},"1":{"start":{"line":15,"column":27},"end":{"line":29,"column":1}}},"fnMap":{},"branchMap":{},"s":{"0":6,"1":6},"f":{},"b":{},"meta":{"lastBranch":0,"lastFunction":0,"lastStatement":2,"seen":{"s:3:29:13:1":0,"s:15:27:29:1":1}}}
,"/home/runner/work/genshin-farming-helper/genshin-farming-helper/src/utils/fullscreen.js": {"path":"/home/runner/work/genshin-farming-helper/genshin-farming-helper/src/utils/fullscreen.js","statementMap":{"0":{"start":{"line":2,"column":33},"end":{"line":2,"column":161}},"1":{"start":{"line":8,"column":32},"end":{"line":25,"column":1}},"2":{"start":{"line":9,"column":36},"end":{"line":9,"column":91}},"3":{"start":{"line":9,"column":42},"end":{"line":9,"column":91}},"4":{"start":{"line":11,"column":1},"end":{"line":11,"column":null}},"5":{"start":{"line":13,"column":24},"end":{"line":13,"column":91}},"6":{"start":{"line":14,"column":17},"end":{"line":14,"column":59}},"7":{"start":{"line":16,"column":32},"end":{"line":16,"column":82}},"8":{"start":{"line":16,"column":38},"end":{"line":16,"column":82}},"9":{"start":{"line":17,"column":1},"end":{"line":17,"column":null}},"10":{"start":{"line":19,"column":27},"end":{"line":19,"column":155}},"11":{"start":{"line":20,"column":1},"end":{"line":24,"column":null}},"12":{"start":{"line":21,"column":2},"end":{"line":21,"column":null}},"13":{"start":{"line":22,"column":8},"end":{"line":24,"column":null}},"14":{"start":{"line":23,"column":2},"end":{"line":23,"column":null}}},"fnMap":{"0":{"name":"(anonymous_0)","decl":{"start":{"line":8,"column":32},"end":{"line":8,"column":40}},"loc":{"start":{"line":8,"column":44},"end":{"line":25,"column":1}},"line":8},"1":{"name":"(anonymous_1)","decl":{"start":{"line":9,"column":36},"end":{"line":9,"column":37}},"loc":{"start":{"line":9,"column":42},"end":{"line":9,"column":91}},"line":9},"2":{"name":"(anonymous_2)","decl":{"start":{"line":16,"column":32},"end":{"line":16,"column":33}},"loc":{"start":{"line":16,"column":38},"end":{"line":16,"column":82}},"line":16}},"branchMap":{"0":{"loc":{"start":{"line":2,"column":33},"end":{"line":2,"column":161}},"type":"binary-expr","locations":[{"start":{"line":2,"column":33},"end":{"line":2,"column":59}},{"start":{"line":2,"column":63},"end":{"line":2,"column":92}},{"start":{"line":2,"column":96},"end":{"line":2,"column":124}},{"start":{"line":2,"column":128},"end":{"line":2,"column":161}}],"line":2},"1":{"loc":{"start":{"line":11,"column":27},"end":{"line":11,"column":174}},"type":"binary-expr","locations":[{"start":{"line":11,"column":28},"end":{"line":11,"column":51}},{"start":{"line":11,"column":55},"end":{"line":11,"column":81}},{"start":{"line":11,"column":85},"end":{"line":11,"column":110}},{"start":{"line":11,"column":114},"end":{"line":11,"column":143}},{"start":{"line":11,"column":148},"end":{"line":11,"column":174}}],"line":11},"2":{"loc":{"start":{"line":13,"column":24},"end":{"line":13,"column":91}},"type":"binary-expr","locations":[{"start":{"line":13,"column":24},"end":{"line":13,"column":32}},{"start":{"line":13,"column":36},"end":{"line":13,"column":55}},{"start":{"line":13,"column":59},"end":{"line":13,"column":91}}],"line":13},"3":{"loc":{"start":{"line":14,"column":17},"end":{"line":14,"column":59}},"type":"binary-expr","locations":[{"start":{"line":14,"column":17},"end":{"line":14,"column":31}},{"start":{"line":14,"column":35},"end":{"line":14,"column":59}}],"line":14},"4":{"loc":{"start":{"line":17,"column":29},"end":{"line":17,"column":180}},"type":"binary-expr","locations":[{"start":{"line":17,"column":30},"end":{"line":17,"column":55}},{"start":{"line":17,"column":59},"end":{"line":17,"column":87}},{"start":{"line":17,"column":91},"end":{"line":17,"column":118}},{"start":{"line":17,"column":122},"end":{"line":17,"column":153}},{"start":{"line":17,"column":158},"end":{"line":17,"column":180}}],"line":17},"5":{"loc":{"start":{"line":19,"column":27},"end":{"line":19,"column":155}},"type":"binary-expr","locations":[{"start":{"line":19,"column":27},"end":{"line":19,"column":53}},{"start":{"line":19,"column":57},"end":{"line":19,"column":86}},{"start":{"line":19,"column":90},"end":{"line":19,"column":118}},{"start":{"line":19,"column":122},"end":{"line":19,"column":155}}],"line":19},"6":{"loc":{"start":{"line":20,"column":1},"end":{"line":24,"column":null}},"type":"if","locations":[{"start":{"line":20,"column":1},"end":{"line":24,"column":null}},{"start":{"line":22,"column":8},"end":{"line":24,"column":null}}],"line":20},"7":{"loc":{"start":{"line":22,"column":8},"end":{"line":24,"column":null}},"type":"if","locations":[{"start":{"line":22,"column":8},"end":{"line":24,"column":null}},{"start":{},"end":{}}],"line":22}},"s":{"0":5,"1":5,"2":7,"3":1,"4":7,"5":7,"6":7,"7":7,"8":3,"9":7,"10":7,"11":7,"12":5,"13":2,"14":2},"f":{"0":7,"1":1,"2":3},"b":{"0":[5,5,5,5],"1":[7,2,2,2,2],"2":[7,3,3],"3":[7,5],"4":[7,4,4,4,4],"5":[7,5,5,5],"6":[5,2],"7":[2,0]},"meta":{"lastBranch":8,"lastFunction":3,"lastStatement":15,"seen":{"s:2:33:2:161":0,"b:2:33:2:59:2:63:2:92:2:96:2:124:2:128:2:161":0,"s:8:32:25:1":1,"f:8:32:8:40":0,"s:9:36:9:91":2,"f:9:36:9:37":1,"s:9:42:9:91":3,"s:11:1:11:Infinity":4,"b:11:28:11:51:11:55:11:81:11:85:11:110:11:114:11:143:11:148:11:174":1,"s:13:24:13:91":5,"b:13:24:13:32:13:36:13:55:13:59:13:91":2,"s:14:17:14:59":6,"b:14:17:14:31:14:35:14:59":3,"s:16:32:16:82":7,"f:16:32:16:33":2,"s:16:38:16:82":8,"s:17:1:17:Infinity":9,"b:17:30:17:55:17:59:17:87:17:91:17:118:17:122:17:153:17:158:17:180":4,"s:19:27:19:155":10,"b:19:27:19:53:19:57:19:86:19:90:19:118:19:122:19:155":5,"b:20:1:24:Infinity:22:8:24:Infinity":6,"s:20:1:24:Infinity":11,"s:21:2:21:Infinity":12,"b:22:8:24:Infinity:undefined:undefined:undefined:undefined":7,"s:22:8:24:Infinity":13,"s:23:2:23:Infinity":14}}}
,"/home/runner/work/genshin-farming-helper/genshin-farming-helper/src/utils/local-storage.js": {"path":"/home/runner/work/genshin-farming-helper/genshin-farming-helper/src/utils/local-storage.js","statementMap":{"0":{"start":{"line":4,"column":24},"end":{"line":4,"column":48}},"1":{"start":{"line":11,"column":16},"end":{"line":11,"column":28}},"2":{"start":{"line":11,"column":24},"end":{"line":11,"column":28}},"3":{"start":{"line":21,"column":16},"end":{"line":23,"column":1}},"4":{"start":{"line":29,"column":25},"end":{"line":29,"column":96}},"5":{"start":{"line":37,"column":16},"end":{"line":40,"column":1}},"6":{"start":{"line":38,"column":12},"end":{"line":38,"column":102}},"7":{"start":{"line":39,"column":16},"end":{"line":39,"column":80}}},"fnMap":{"0":{"name":"(anonymous_0)","decl":{"start":{"line":11,"column":16},"end":{"line":11,"column":20}},"loc":{"start":{"line":11,"column":24},"end":{"line":11,"column":28}},"line":11},"1":{"name":"(anonymous_1)","decl":{"start":{"line":21,"column":16},"end":{"line":21,"column":17}},"loc":{"start":{"line":21,"column":34},"end":{"line":23,"column":1}},"line":21},"2":{"name":"(anonymous_2)","decl":{"start":{"line":38,"column":7},"end":{"line":38,"column":8}},"loc":{"start":{"line":38,"column":12},"end":{"line":38,"column":102}},"line":38},"3":{"name":"(anonymous_3)","decl":{"start":{"line":39,"column":7},"end":{"line":39,"column":12}},"loc":{"start":{"line":39,"column":16},"end":{"line":39,"column":80}},"line":39}},"branchMap":{"0":{"loc":{"start":{"line":29,"column":25},"end":{"line":29,"column":96}},"type":"cond-expr","locations":[{"start":{"line":29,"column":63},"end":{"line":29,"column":81}},{"start":{"line":29,"column":84},"end":{"line":29,"column":96}}],"line":29},"1":{"loc":{"start":{"line":38,"column":12},"end":{"line":38,"column":102}},"type":"cond-expr","locations":[{"start":{"line":38,"column":29},"end":{"line":38,"column":46}},{"start":{"line":38,"column":49},"end":{"line":38,"column":102}}],"line":38}},"s":{"0":6,"1":6,"2":0,"3":6,"4":6,"5":6,"6":452,"7":430},"f":{"0":0,"1":0,"2":452,"3":430},"b":{"0":[0,6],"1":[1,451]},"meta":{"lastBranch":2,"lastFunction":4,"lastStatement":8,"seen":{"s:4:24:4:48":0,"s:11:16:11:28":1,"f:11:16:11:20":0,"s:11:24:11:28":2,"s:21:16:23:1":3,"f:21:16:21:17":1,"s:29:25:29:96":4,"b:29:63:29:81:29:84:29:96":0,"s:37:16:40:1":5,"f:38:7:38:8":2,"s:38:12:38:102":6,"b:38:29:38:46:38:49:38:102":1,"f:39:7:39:12":3,"s:39:16:39:80":7}}}
,"/home/runner/work/genshin-farming-helper/genshin-farming-helper/src/utils/objects.js": {"path":"/home/runner/work/genshin-farming-helper/genshin-farming-helper/src/utils/objects.js","statementMap":{"0":{"start":{"line":7,"column":28},"end":{"line":14,"column":1}},"1":{"start":{"line":8,"column":21},"end":{"line":8,"column":23}},"2":{"start":{"line":9,"column":1},"end":{"line":11,"column":null}},"3":{"start":{"line":9,"column":53},"end":{"line":9,"column":78}},"4":{"start":{"line":10,"column":2},"end":{"line":10,"column":null}},"5":{"start":{"line":13,"column":1},"end":{"line":13,"column":null}}},"fnMap":{"0":{"name":"(anonymous_0)","decl":{"start":{"line":7,"column":28},"end":{"line":7,"column":34}},"loc":{"start":{"line":7,"column":38},"end":{"line":14,"column":1}},"line":7},"1":{"name":"(anonymous_1)","decl":{"start":{"line":9,"column":46},"end":{"line":9,"column":49}},"loc":{"start":{"line":9,"column":53},"end":{"line":9,"column":78}},"line":9}},"branchMap":{},"s":{"0":7,"1":433,"2":433,"3":1290,"4":1242,"5":433},"f":{"0":433,"1":1290},"b":{},"meta":{"lastBranch":0,"lastFunction":2,"lastStatement":6,"seen":{"s:7:28:14:1":0,"f:7:28:7:34":0,"s:8:21:8:23":1,"s:9:1:11:Infinity":2,"f:9:46:9:49":1,"s:9:53:9:78":3,"s:10:2:10:Infinity":4,"s:13:1:13:Infinity":5}}}
,"/home/runner/work/genshin-farming-helper/genshin-farming-helper/src/utils/strings.js": {"path":"/home/runner/work/genshin-farming-helper/genshin-farming-helper/src/utils/strings.js","statementMap":{"0":{"start":{"line":6,"column":38},"end":{"line":6,"column":95}},"1":{"start":{"line":6,"column":48},"end":{"line":6,"column":95}}},"fnMap":{"0":{"name":"(anonymous_0)","decl":{"start":{"line":6,"column":38},"end":{"line":6,"column":44}},"loc":{"start":{"line":6,"column":48},"end":{"line":6,"column":95}},"line":6}},"branchMap":{},"s":{"0":7,"1":1202},"f":{"0":1202},"b":{},"meta":{"lastBranch":0,"lastFunction":1,"lastStatement":2,"seen":{"s:6:38:6:95":0,"f:6:38:6:44":0,"s:6:48:6:95":1}}}
,"/home/runner/work/genshin-farming-helper/genshin-farming-helper/src/utils/theming.js": {"path":"/home/runner/work/genshin-farming-helper/genshin-farming-helper/src/utils/theming.js","statementMap":{"0":{"start":{"line":5,"column":27},"end":{"line":5,"column":89}},"1":{"start":{"line":12,"column":18},"end":{"line":12,"column":100}},"2":{"start":{"line":12,"column":32},"end":{"line":12,"column":100}},"3":{"start":{"line":18,"column":27},"end":{"line":18,"column":172}},"4":{"start":{"line":25,"column":25},"end":{"line":25,"column":139}},"5":{"start":{"line":25,"column":39},"end":{"line":25,"column":139}}},"fnMap":{"0":{"name":"(anonymous_0)","decl":{"start":{"line":12,"column":18},"end":{"line":12,"column":28}},"loc":{"start":{"line":12,"column":32},"end":{"line":12,"column":100}},"line":12},"1":{"name":"(anonymous_1)","decl":{"start":{"line":25,"column":25},"end":{"line":25,"column":35}},"loc":{"start":{"line":25,"column":39},"end":{"line":25,"column":139}},"line":25}},"branchMap":{"0":{"loc":{"start":{"line":12,"column":54},"end":{"line":12,"column":95}},"type":"binary-expr","locations":[{"start":{"line":12,"column":54},"end":{"line":12,"column":81}},{"start":{"line":12,"column":85},"end":{"line":12,"column":95}}],"line":12}},"s":{"0":6,"1":6,"2":23,"3":6,"4":6,"5":4},"f":{"0":23,"1":4},"b":{"0":[23,2]},"meta":{"lastBranch":1,"lastFunction":2,"lastStatement":6,"seen":{"s:5:27:5:89":0,"s:12:18:12:100":1,"f:12:18:12:28":0,"s:12:32:12:100":2,"b:12:54:12:81:12:85:12:95":0,"s:18:27:18:172":3,"s:25:25:25:139":4,"f:25:25:25:35":1,"s:25:39:25:139":5}}}
,"/home/runner/work/genshin-farming-helper/genshin-farming-helper/src/utils/url.js": {"path":"/home/runner/work/genshin-farming-helper/genshin-farming-helper/src/utils/url.js","statementMap":{"0":{"start":{"line":1,"column":27},"end":{"line":4,"column":1}},"1":{"start":{"line":2,"column":20},"end":{"line":2,"column":79}},"2":{"start":{"line":2,"column":72},"end":{"line":2,"column":77}},"3":{"start":{"line":3,"column":1},"end":{"line":3,"column":null}}},"fnMap":{"0":{"name":"(anonymous_0)","decl":{"start":{"line":1,"column":27},"end":{"line":1,"column":28}},"loc":{"start":{"line":1,"column":33},"end":{"line":4,"column":1}},"line":1},"1":{"name":"(anonymous_1)","decl":{"start":{"line":2,"column":66},"end":{"line":2,"column":67}},"loc":{"start":{"line":2,"column":72},"end":{"line":2,"column":77}},"line":2}},"branchMap":{"0":{"loc":{"start":{"line":2,"column":20},"end":{"line":2,"column":79}},"type":"binary-expr","locations":[{"start":{"line":2,"column":20},"end":{"line":2,"column":40}},{"start":{"line":2,"column":44},"end":{"line":2,"column":79}}],"line":2}},"s":{"0":7,"1":454,"2":2,"3":454},"f":{"0":454,"1":2},"b":{"0":[454,2]},"meta":{"lastBranch":1,"lastFunction":2,"lastStatement":4,"seen":{"s:1:27:4:1":0,"f:1:27:1:28":0,"s:2:20:2:79":1,"b:2:20:2:40:2:44:2:79":0,"f:2:66:2:67":1,"s:2:72:2:77":2,"s:3:1:3:Infinity":3}}}
,"/home/runner/work/genshin-farming-helper/genshin-farming-helper/src/utils/wake-lock.js": {"path":"/home/runner/work/genshin-farming-helper/genshin-farming-helper/src/utils/wake-lock.js","statementMap":{"0":{"start":{"line":11,"column":31},"end":{"line":29,"column":1}},"1":{"start":{"line":12,"column":27},"end":{"line":12,"column":81}},"2":{"start":{"line":13,"column":1},"end":{"line":16,"column":null}},"3":{"start":{"line":14,"column":2},"end":{"line":14,"column":null}},"4":{"start":{"line":15,"column":2},"end":{"line":15,"column":null}},"5":{"start":{"line":18,"column":1},"end":{"line":28,"column":null}},"6":{"start":{"line":19,"column":2},"end":{"line":19,"column":null}},"7":{"start":{"line":20,"column":2},"end":{"line":22,"column":null}},"8":{"start":{"line":21,"column":3},"end":{"line":21,"column":null}},"9":{"start":{"line":23,"column":2},"end":{"line":23,"column":null}},"10":{"start":{"line":24,"column":2},"end":{"line":24,"column":null}},"11":{"start":{"line":26,"column":2},"end":{"line":26,"column":null}},"12":{"start":{"line":27,"column":2},"end":{"line":27,"column":null}},"13":{"start":{"line":36,"column":31},"end":{"line":43,"column":1}},"14":{"start":{"line":37,"column":1},"end":{"line":40,"column":null}},"15":{"start":{"line":38,"column":2},"end":{"line":38,"column":null}},"16":{"start":{"line":39,"column":2},"end":{"line":39,"column":null}},"17":{"start":{"line":42,"column":1},"end":{"line":42,"column":null}}},"fnMap":{"0":{"name":"(anonymous_0)","decl":{"start":{"line":11,"column":31},"end":{"line":11,"column":36}},"loc":{"start":{"line":11,"column":57},"end":{"line":29,"column":1}},"line":11},"1":{"name":"(anonymous_1)","decl":{"start":{"line":20,"column":47},"end":{"line":20,"column":48}},"loc":{"start":{"line":20,"column":53},"end":{"line":22,"column":3}},"line":20},"2":{"name":"(anonymous_2)","decl":{"start":{"line":36,"column":31},"end":{"line":36,"column":36}},"loc":{"start":{"line":36,"column":57},"end":{"line":43,"column":1}},"line":36}},"branchMap":{"0":{"loc":{"start":{"line":12,"column":27},"end":{"line":12,"column":81}},"type":"binary-expr","locations":[{"start":{"line":12,"column":27},"end":{"line":12,"column":59}},{"start":{"line":12,"column":63},"end":{"line":12,"column":81}}],"line":12},"1":{"loc":{"start":{"line":13,"column":1},"end":{"line":16,"column":null}},"type":"if","locations":[{"start":{"line":13,"column":1},"end":{"line":16,"column":null}},{"start":{},"end":{}}],"line":13},"2":{"loc":{"start":{"line":37,"column":1},"end":{"line":40,"column":null}},"type":"if","locations":[{"start":{"line":37,"column":1},"end":{"line":40,"column":null}},{"start":{},"end":{}}],"line":37}},"s":{"0":5,"1":5,"2":5,"3":1,"4":1,"5":4,"6":4,"7":3,"8":1,"9":3,"10":3,"11":1,"12":1,"13":5,"14":3,"15":2,"16":2,"17":1},"f":{"0":5,"1":1,"2":3},"b":{"0":[5,5],"1":[1,4],"2":[2,1]},"meta":{"lastBranch":3,"lastFunction":3,"lastStatement":18,"seen":{"s:11:31:29:1":0,"f:11:31:11:36":0,"s:12:27:12:81":1,"b:12:27:12:59:12:63:12:81":0,"b:13:1:16:Infinity:undefined:undefined:undefined:undefined":1,"s:13:1:16:Infinity":2,"s:14:2:14:Infinity":3,"s:15:2:15:Infinity":4,"s:18:1:28:Infinity":5,"s:19:2:19:Infinity":6,"s:20:2:22:Infinity":7,"f:20:47:20:48":1,"s:21:3:21:Infinity":8,"s:23:2:23:Infinity":9,"s:24:2:24:Infinity":10,"s:26:2:26:Infinity":11,"s:27:2:27:Infinity":12,"s:36:31:43:1":13,"f:36:31:36:36":2,"b:37:1:40:Infinity:undefined:undefined:undefined:undefined":2,"s:37:1:40:Infinity":14,"s:38:2:38:Infinity":15,"s:39:2:39:Infinity":16,"s:42:1:42:Infinity":17}}}
}
